[197. 202. 200.] [196. 201. 200.] [196. 199. 207.] [201. 202. 212.] [202. 197. 212.] [208. 201. 214.] [208. 204. 210.] [208. 207. 211.] [210. 212. 213.] [215. 214. 218.] [224. 216. 223.] [220. 211. 221.] [209. 203. 214.] [204. 201. 210.] [210. 202. 212.] [207. 206. 208.] [199. 210. 207.] [195. 209. 205.] [204. 207. 211.] [211. 208. 217.] [208. 206. 212.] [212. 211. 215.] [216. 215. 217.] [218. 218. 218.] [220. 219. 223.] [219. 218. 220.] [217. 219. 220.] [217. 219. 219.] [215. 217. 217.] [216. 217. 221.] [220. 219. 229.] [220. 212. 222.] [237. 219. 218.] [233. 203. 198.] [229. 179. 179.] [252. 205. 207.] [243. 219. 219.] [224. 218. 219.] [215. 217. 218.] [208. 215. 218.] 
[195. 200. 201.] [197. 202. 205.] [197. 200. 208.] [206. 208. 219.] [202. 200. 212.] [205. 201. 213.] [203. 203. 209.] [205. 206. 210.] [210. 214. 215.] [212. 216. 217.] [221. 217. 222.] [222. 218. 224.] [216. 214. 220.] [210. 208. 214.] [208. 204. 209.] [206. 205. 207.] [205. 214. 211.] [205. 214. 211.] [207. 208. 212.] [218. 216. 222.] [208. 208. 214.] [214. 215. 219.] [217. 216. 218.] [224. 224. 224.] [224. 223. 225.] [224. 223. 225.] [221. 221. 221.] [219. 222. 220.] [216. 219. 217.] [221. 223. 223.] [215. 214. 223.] [231. 224. 229.] [212. 192. 191.] [164. 135. 130.] [156. 117. 115.] [146. 108. 108.] [181. 155. 155.] [216. 203. 205.] [223. 222. 224.] [212. 217. 220.] 
[194. 200. 207.] [193. 200. 209.] [194. 200. 211.] [197. 203. 214.] [200. 202. 213.] [205. 207. 217.] [203. 209. 214.] [204. 213. 216.] [208. 216. 216.] [212. 220. 219.] [211. 221. 221.] [214. 222. 222.] [219. 218. 220.] [213. 211. 211.] [206. 209. 207.] [212. 215. 213.] [207. 210. 208.] [213. 215. 215.] [215. 211. 216.] [210. 208. 214.] [214. 217. 222.] [215. 220. 223.] [224. 223. 225.] [227. 225. 225.] [223. 221. 221.] [225. 223. 223.] [222. 220. 219.] [222. 223. 219.] [218. 222. 216.] [222. 226. 221.] [222. 222. 222.] [227. 219. 219.] [165. 144. 142.] [206. 180. 174.] [248. 228. 223.] [184. 163. 161.] [212. 184. 184.] [179. 154. 158.] [232. 223. 226.] [219. 218. 220.] 
[197. 202. 211.] [197. 200. 208.] [199. 202. 210.] [201. 200. 209.] [216. 212. 218.] [220. 213. 218.] [219. 214. 215.] [229. 224. 223.] [232. 224. 224.] [237. 232. 229.] [235. 234. 230.] [236. 233. 229.] [241. 230. 226.] [234. 220. 214.] [224. 213. 205.] [228. 217. 209.] [233. 214. 209.] [235. 212. 210.] [239. 215. 215.] [236. 215. 217.] [223. 209. 210.] [229. 221. 221.] [228. 226. 226.] [223. 223. 223.] [223. 225. 225.] [226. 226. 226.] [225. 223. 223.] [226. 224. 223.] [220. 223. 221.] [217. 218. 216.] [231. 225. 226.] [205. 191. 192.] [210. 190. 185.] [210. 191. 184.] [234. 224. 217.] [223. 211. 207.] [199. 171. 171.] [217. 188. 191.] [213. 200. 202.] [223. 218. 220.] 
[203. 204. 208.] [204. 203. 205.] [212. 207. 206.] [212. 199. 197.] [201. 176. 172.] [185. 153. 148.] [178. 140. 136.] [185. 144. 141.] [165. 124. 121.] [153. 115. 111.] [132.  96.  90.] [120.  84.  76.] [126.  91.  81.] [129.  94.  81.] [129.  87.  74.] [132.  84.  72.] [142.  86.  75.] [127.  66.  56.] [139.  77.  69.] [179. 121. 115.] [220. 167. 164.] [171. 136. 132.] [232. 223. 220.] [226. 233. 230.] [221. 229. 229.] [224. 229. 232.] [230. 223. 230.] [230. 223. 230.] [225. 223. 229.] [222. 218. 224.] [235. 216. 225.] [208. 186. 191.] [216. 199. 196.] [236. 223. 215.] [231. 221. 214.] [239. 224. 221.] [186. 160. 160.] [231. 204. 207.] [208. 194. 196.] [227. 221. 222.] 
[210. 204. 209.] [217. 209. 210.] [222. 202. 201.] [155. 130. 126.] [124.  96.  89.] [167. 133. 127.] [151. 110. 107.] [186. 142. 141.] [225. 181. 182.] [236. 194. 195.] [241. 200. 198.] [232. 194. 190.] [223. 186. 178.] [215. 176. 167.] [213. 170. 161.] [220. 169. 159.] [239. 174. 165.] [168.  99.  89.] [187. 124. 110.] [165. 101.  90.] [172. 106. 101.] [184. 136. 132.] [254. 239. 236.] [219. 224. 222.] [218. 228. 228.] [222. 229. 232.] [230. 223. 230.] [231. 222. 232.] [227. 224. 233.] [234. 227. 234.] [221. 201. 206.] [229. 207. 209.] [204. 192. 188.] [233. 224. 215.] [246. 230. 224.] [217. 196. 194.] [197. 173. 173.] [223. 203. 202.] [210. 197. 199.] [227. 221. 222.] 
[222. 208. 220.] [168. 147. 156.] [163. 127. 133.] [228. 194. 194.] [236. 224. 218.] [229. 223. 216.] [232. 220. 220.] [238. 223. 227.] [238. 221. 230.] [238. 221. 230.] [235. 221. 227.] [233. 218. 222.] [236. 217. 220.] [237. 218. 221.] [235. 221. 223.] [242. 221. 220.] [255. 227. 223.] [162. 118. 111.] [255. 230. 217.] [235. 200. 187.] [191. 136. 133.] [200. 150. 150.] [255. 235. 237.] [237. 232. 233.] [227. 232. 231.] [227. 232. 233.] [232. 228. 233.] [230. 224. 229.] [229. 226. 228.] [236. 231. 230.] [205. 192. 184.] [224. 212. 202.] [214. 209. 200.] [237. 227. 220.] [255. 231. 230.] [150. 120. 119.] [241. 221. 220.] [192. 180. 178.] [234. 226. 227.] [223. 218. 219.] 
[222. 209. 223.] [203. 183. 195.] [146. 110. 116.] [156. 122. 122.] [220. 204. 198.] [221. 218. 210.] [215. 215. 215.] [213. 216. 220.] [212. 213. 223.] [210. 210. 222.] [213. 212. 222.] [218. 212. 223.] [220. 211. 221.] [220. 213. 220.] [216. 218. 226.] [226. 220. 225.] [226. 203. 201.] [177. 148. 141.] [253. 234. 221.] [187. 163. 151.] [176. 136. 131.] [254. 216. 216.] [244. 225. 228.] [236. 231. 233.] [231. 230. 232.] [228. 230. 231.] [230. 229. 233.] [229. 226. 228.] [234. 228. 229.] [239. 230. 227.] [207. 195. 183.] [214. 203. 189.] [236. 229. 220.] [248. 236. 230.] [192. 161. 160.] [198. 167. 166.] [233. 215. 214.] [201. 193. 193.] [230. 224. 225.] [224. 219. 220.] 
[205. 208. 216.] [213. 209. 214.] [224. 206. 205.] [157. 128. 123.] [112.  76.  70.] [243. 215. 208.] [223. 218. 215.] [209. 214. 215.] [204. 212. 219.] [208. 213. 222.] [219. 215. 226.] [219. 211. 222.] [221. 216. 225.] [219. 218. 227.] [210. 212. 222.] [224. 223. 227.] [215. 199. 193.] [195. 171. 159.] [253. 227. 211.] [156. 130. 116.] [206. 185. 177.] [236. 221. 218.] [236. 231. 232.] [228. 229. 233.] [232. 228. 233.] [232. 228. 233.] [232. 228. 234.] [234. 227. 234.] [239. 229. 235.] [232. 218. 220.] [226. 207. 200.] [223. 203. 192.] [255. 239. 234.] [173. 152. 150.] [213. 185. 185.] [229. 203. 203.] [197. 181. 182.] [240. 230. 230.] [226. 221. 222.] [224. 222. 222.] 
[205. 214. 218.] [206. 210. 211.] [225. 218. 215.] [207. 188. 181.] [166. 124. 119.] [162. 122. 117.] [241. 226. 223.] [217. 218. 216.] [211. 218. 221.] [208. 211. 219.] [218. 213. 222.] [224. 216. 226.] [220. 218. 224.] [216. 219. 224.] [214. 220. 227.] [223. 225. 226.] [206. 193. 185.] [206. 182. 170.] [234. 202. 189.] [163. 135. 124.] [227. 216. 208.] [227. 226. 222.] [227. 229. 230.] [225. 228. 233.] [228. 226. 232.] [235. 231. 237.] [235. 228. 235.] [238. 230. 237.] [245. 231. 237.] [224. 205. 208.] [238. 216. 210.] [197. 171. 164.] [171. 142. 138.] [249. 221. 221.] [182. 161. 160.] [211. 193. 194.] [243. 229. 230.] [233. 225. 225.] [231. 226. 227.] [220. 220. 220.] 
[208. 211. 216.] [211. 214. 218.] [212. 213. 211.] [234. 223. 219.] [203. 168. 165.] [155. 114. 112.] [207. 179. 178.] [236. 221. 219.] [218. 213. 214.] [224. 223. 225.] [220. 214. 219.] [221. 215. 220.] [221. 220. 224.] [216. 219. 223.] [217. 226. 229.] [221. 223. 223.] [199. 185. 179.] [229. 202. 192.] [204. 167. 159.] [198. 169. 162.] [229. 220. 216.] [224. 225. 223.] [226. 225. 229.] [226. 226. 232.] [228. 232. 237.] [224. 227. 232.] [234. 227. 234.] [245. 233. 239.] [250. 233. 237.] [216. 196. 195.] [192. 168. 162.] [214. 184. 179.] [255. 240. 240.] [185. 154. 157.] [219. 203. 204.] [240. 232. 233.] [238. 230. 231.] [231. 225. 226.] [228. 225. 227.] [226. 228. 229.] 
[215. 215. 221.] [212. 215. 219.] [212. 216. 217.] [220. 216. 215.] [232. 208. 208.] [200. 166. 166.] [195. 159. 159.] [216. 186. 185.] [235. 221. 222.] [218. 213. 212.] [220. 218. 218.] [218. 220. 220.] [213. 217. 218.] [213. 218. 219.] [213. 218. 219.] [229. 227. 226.] [187. 168. 161.] [235. 201. 195.] [185. 147. 143.] [236. 205. 202.] [228. 221. 218.] [228. 227. 229.] [232. 225. 232.] [231. 226. 235.] [225. 229. 234.] [222. 226. 231.] [236. 232. 237.] [240. 231. 234.] [247. 233. 234.] [230. 211. 208.] [227. 200. 196.] [242. 211. 208.] [183. 149. 150.] [253. 226. 230.] [243. 232. 234.] [231. 226. 227.] [233. 228. 229.] [234. 229. 231.] [224. 223. 225.] [225. 227. 228.] 
[218. 221. 225.] [211. 216. 219.] [210. 215. 218.] [216. 218. 219.] [223. 217. 218.] [198. 178. 177.] [214. 174. 176.] [170. 130. 131.] [211. 188. 186.] [230. 221. 217.] [215. 219. 214.] [205. 216. 213.] [216. 224. 223.] [210. 216. 215.] [215. 217. 217.] [238. 226. 224.] [194. 159. 155.] [226. 184. 179.] [202. 163. 161.] [234. 206. 206.] [237. 226. 228.] [231. 226. 228.] [234. 223. 231.] [236. 225. 233.] [227. 225. 231.] [231. 234. 238.] [230. 232. 233.] [226. 226. 226.] [245. 240. 237.] [207. 192. 189.] [205. 176. 172.] [167. 133. 133.] [255. 231. 234.] [250. 230. 235.] [242. 233. 236.] [237. 234. 236.] [232. 229. 231.] [224. 223. 227.] [232. 233. 237.] [221. 222. 226.] 
[211. 213. 214.] [213. 217. 218.] [211. 214. 218.] [208. 211. 215.] [220. 222. 223.] [235. 224. 226.] [201. 167. 168.] [217. 176. 174.] [169. 136. 133.] [224. 204. 199.] [224. 221. 217.] [211. 218. 215.] [215. 223. 222.] [212. 218. 217.] [221. 221. 221.] [238. 223. 221.] [195. 153. 148.] [205. 159. 152.] [227. 196. 193.] [227. 209. 210.] [231. 225. 226.] [227. 224. 226.] [233. 223. 229.] [235. 224. 232.] [230. 228. 234.] [226. 229. 233.] [224. 232. 232.] [234. 237. 235.] [247. 238. 234.] [215. 196. 193.] [209. 181. 181.] [255. 232. 235.] [245. 230. 234.] [239. 230. 233.] [233. 228. 230.] [230. 227. 229.] [232. 231. 235.] [231. 232. 236.] [223. 222. 226.] [230. 229. 233.] 
[222. 218. 217.] [218. 216. 216.] [208. 210. 211.] [212. 215. 219.] [209. 212. 216.] [223. 218. 219.] [217. 197. 196.] [216. 185. 182.] [192. 151. 148.] [183. 145. 143.] [225. 205. 204.] [232. 227. 226.] [211. 213. 214.] [217. 221. 222.] [222. 219. 221.] [238. 220. 219.] [183. 140. 131.] [198. 156. 144.] [231. 212. 207.] [231. 227. 226.] [221. 226. 225.] [225. 229. 230.] [230. 227. 229.] [228. 224. 229.] [226. 226. 232.] [222. 228. 233.] [220. 232. 232.] [233. 236. 234.] [249. 225. 225.] [197. 166. 167.] [246. 225. 228.] [246. 235. 238.] [234. 233. 237.] [231. 234. 238.] [228. 227. 231.] [238. 234. 239.] [232. 231. 235.] [229. 228. 232.] [230. 226. 231.] [232. 228. 233.] 
[215. 210. 209.] [217. 213. 212.] [213. 212. 214.] [210. 211. 215.] [214. 215. 219.] [214. 212. 212.] [237. 228. 225.] [198. 178. 173.] [228. 187. 184.] [192. 149. 146.] [193. 162. 161.] [231. 211. 210.] [227. 222. 223.] [216. 218. 219.] [228. 223. 225.] [232. 214. 213.] [195. 153. 146.] [224. 185. 177.] [220. 208. 204.] [221. 223. 223.] [220. 226. 225.] [222. 226. 227.] [226. 225. 227.] [230. 226. 231.] [227. 226. 230.] [241. 238. 240.] [245. 240. 237.] [251. 232. 227.] [178. 137. 134.] [254. 211. 208.] [255. 230. 231.] [255. 243. 244.] [245. 237. 238.] [244. 239. 241.] [242. 235. 238.] [235. 230. 232.] [232. 231. 233.] [229. 231. 232.] [232. 231. 235.] [228. 224. 229.] 
[212. 212. 212.] [210. 212. 212.] [210. 212. 213.] [210. 212. 213.] [217. 212. 214.] [220. 214. 215.] [221. 218. 214.] [231. 219. 215.] [205. 176. 171.] [216. 178. 173.] [191. 153. 149.] [201. 172. 168.] [236. 227. 224.] [224. 225. 223.] [232. 226. 227.] [222. 204. 205.] [198. 160. 158.] [237. 201. 201.] [227. 213. 217.] [227. 225. 231.] [227. 226. 228.] [224. 223. 225.] [230. 229. 233.] [234. 228. 233.] [244. 233. 236.] [190. 165. 163.] [214. 167. 159.] [174. 114. 102.] [205. 145. 133.] [226. 167. 157.] [200. 142. 136.] [181. 130. 127.] [181. 140. 138.] [175. 144. 145.] [193. 173. 172.] [240. 230. 230.] [233. 231. 230.] [229. 234. 233.] [227. 229. 230.] [227. 229. 230.] 
[206. 208. 208.] [208. 210. 210.] [208. 212. 213.] [214. 213. 215.] [221. 214. 217.] [222. 215. 218.] [220. 218. 217.] [224. 219. 216.] [211. 192. 187.] [217. 187. 182.] [201. 163. 158.] [199. 162. 158.] [207. 188. 183.] [241. 226. 223.] [253. 232. 231.] [185. 157. 157.] [190. 159. 158.] [228. 202. 202.] [231. 219. 225.] [225. 223. 229.] [222. 224. 225.] [226. 228. 229.] [228. 229. 233.] [230. 226. 231.] [244. 233. 236.] [217. 189. 188.] [132.  78.  67.] [151.  86.  71.] [175. 116. 101.] [213. 158. 145.] [196. 139. 130.] [201. 146. 141.] [198. 149. 147.] [235. 196. 194.] [215. 192. 190.] [242. 230. 228.] [234. 232. 231.] [223. 228. 227.] [229. 231. 232.] [225. 227. 228.] 
[207. 208. 206.] [209. 209. 209.] [209. 211. 212.] [212. 214. 215.] [220. 214. 219.] [221. 216. 218.] [216. 218. 218.] [218. 219. 217.] [233. 227. 222.] [190. 171. 166.] [219. 187. 182.] [196. 158. 154.] [202. 166. 160.] [252. 214. 209.] [255. 206. 204.] [155. 110. 107.] [220. 191. 186.] [233. 217. 211.] [236. 226. 226.] [227. 227. 227.] [221. 228. 225.] [221. 232. 230.] [220. 225. 226.] [223. 226. 230.] [229. 228. 232.] [245. 235. 235.] [249. 223. 216.] [255. 221. 211.] [249. 214. 201.] [203. 171. 160.] [244. 215. 210.] [230. 203. 199.] [211. 177. 177.] [173. 143. 142.] [217. 199. 198.] [237. 230. 227.] [234. 232. 231.] [231. 233. 233.] [229. 228. 230.] [228. 227. 229.] 
[214. 210. 209.] [212. 210. 209.] [211. 211. 211.] [212. 211. 213.] [217. 211. 216.] [217. 214. 216.] [212. 216. 217.] [213. 218. 217.] [218. 219. 217.] [235. 226. 223.] [180. 153. 149.] [223. 186. 182.] [177. 133. 126.] [234. 182. 175.] [209. 149. 143.] [188. 139. 131.] [227. 204. 196.] [226. 219. 210.] [229. 220. 217.] [227. 224. 220.] [220. 227. 222.] [219. 230. 227.] [221. 226. 227.] [226. 229. 233.] [229. 229. 235.] [233. 229. 234.] [239. 230. 227.] [252. 236. 229.] [245. 221. 215.] [208. 186. 180.] [253. 240. 238.] [242. 230. 230.] [254. 234. 233.] [247. 227. 226.] [242. 230. 228.] [235. 230. 229.] [227. 227. 227.] [231. 231. 231.] [231. 228. 230.] [230. 227. 229.] 
[217. 212. 211.] [216. 212. 211.] [216. 210. 211.] [216. 211. 212.] [217. 212. 214.] [216. 213. 215.] [210. 215. 218.] [209. 216. 219.] [212. 216. 217.] [224. 219. 220.] [238. 217. 216.] [165. 133. 128.] [243. 199. 192.] [162. 111. 101.] [175. 120. 107.] [210. 166. 153.] [224. 209. 200.] [232. 229. 221.] [237. 228. 224.] [236. 229. 226.] [226. 227. 223.] [222. 227. 225.] [228. 227. 229.] [227. 223. 228.] [233. 225. 235.] [235. 227. 237.] [234. 231. 233.] [238. 230. 230.] [244. 221. 219.] [184. 161. 159.] [238. 227. 229.] [233. 228. 230.] [232. 224. 224.] [237. 229. 229.] [231. 227. 226.] [230. 228. 228.] [225. 225. 225.] [227. 226. 228.] [231. 225. 230.] [234. 228. 233.] 
[216. 211. 212.] [216. 211. 212.] [217. 212. 213.] [218. 213. 214.] [215. 214. 216.] [214. 216. 217.] [211. 216. 219.] [211. 215. 220.] [212. 215. 220.] [218. 213. 215.] [237. 223. 224.] [240. 215. 211.] [167. 128. 120.] [242. 192. 180.] [169. 110.  95.] [246. 199. 185.] [221. 208. 200.] [221. 220. 216.] [225. 218. 215.] [233. 226. 223.] [228. 226. 225.] [226. 226. 226.] [233. 228. 230.] [231. 225. 230.] [236. 226. 238.] [232. 224. 235.] [231. 229. 235.] [235. 230. 232.] [236. 215. 214.] [197. 176. 175.] [241. 232. 235.] [229. 226. 228.] [227. 225. 225.] [228. 229. 227.] [226. 226. 226.] [221. 221. 221.] [230. 229. 231.] [232. 229. 231.] [233. 227. 232.] [228. 221. 226.] 
[210. 212. 213.] [210. 212. 212.] [211. 213. 213.] [211. 216. 215.] [209. 217. 216.] [210. 218. 218.] [215. 216. 220.] [219. 215. 221.] [223. 216. 223.] [223. 216. 221.] [226. 220. 221.] [235. 222. 220.] [225. 196. 189.] [136.  87.  77.] [162.  92.  79.] [199. 138. 128.] [245. 227. 226.] [222. 224. 225.] [220. 221. 219.] [229. 227. 226.] [230. 228. 228.] [229. 226. 228.] [227. 224. 226.] [231. 227. 232.] [229. 221. 231.] [238. 230. 241.] [230. 227. 236.] [235. 228. 231.] [222. 203. 198.] [221. 201. 196.] [238. 226. 226.] [234. 229. 230.] [225. 227. 227.] [221. 226. 225.] [222. 226. 227.] [230. 232. 233.] [224. 223. 225.] [234. 231. 233.] [226. 220. 225.] [231. 224. 229.] 
[207. 212. 215.] [207. 212. 213.] [209. 213. 214.] [209. 215. 214.] [204. 217. 215.] [208. 219. 217.] [215. 217. 218.] [222. 215. 220.] [222. 211. 219.] [227. 216. 224.] [216. 215. 219.] [227. 222. 221.] [255. 236. 231.] [155. 119. 111.] [144.  88.  77.] [215. 165. 159.] [240. 223. 226.] [221. 222. 226.] [223. 225. 225.] [223. 223. 223.] [224. 221. 223.] [232. 229. 231.] [223. 225. 226.] [228. 229. 233.] [229. 226. 235.] [231. 226. 235.] [228. 225. 234.] [238. 231. 234.] [218. 202. 195.] [213. 198. 189.] [240. 231. 228.] [227. 225. 225.] [222. 227. 226.] [217. 223. 222.] [224. 228. 229.] [224. 226. 227.] [229. 226. 228.] [229. 226. 228.] [234. 228. 233.] [232. 226. 231.] 
[208. 211. 216.] [208. 211. 215.] [210. 212. 213.] [209. 213. 214.] [205. 216. 214.] [206. 217. 215.] [213. 215. 216.] [219. 213. 218.] [227. 214. 222.] [224. 213. 221.] [215. 213. 219.] [219. 218. 220.] [231. 226. 225.] [220. 210. 203.] [182. 167. 158.] [245. 231. 225.] [230. 218. 224.] [228. 221. 228.] [220. 222. 223.] [221. 223. 223.] [230. 225. 227.] [225. 222. 224.] [222. 228. 227.] [221. 229. 229.] [222. 225. 230.] [224. 223. 232.] [226. 224. 230.] [237. 232. 233.] [209. 200. 190.] [221. 213. 200.] [230. 227. 222.] [226. 227. 225.] [222. 227. 226.] [221. 225. 226.] [223. 225. 226.] [226. 225. 227.] [228. 224. 229.] [228. 224. 229.] [227. 223. 228.] [226. 222. 227.] 
[209. 209. 215.] [209. 209. 215.] [210. 211. 215.] [208. 212. 213.] [205. 215. 215.] [205. 216. 214.] [212. 214. 215.] [216. 213. 215.] [217. 211. 216.] [225. 221. 227.] [218. 218. 224.] [215. 218. 222.] [219. 216. 218.] [226. 224. 223.] [223. 225. 219.] [224. 223. 219.] [230. 218. 224.] [234. 222. 228.] [222. 219. 221.] [223. 223. 223.] [228. 223. 224.] [230. 228. 228.] [222. 228. 227.] [219. 227. 227.] [223. 226. 231.] [225. 225. 231.] [228. 224. 229.] [230. 225. 224.] [207. 198. 188.] [223. 217. 206.] [227. 227. 221.] [224. 227. 225.] [223. 225. 226.] [222. 224. 225.] [224. 223. 225.] [227. 224. 226.] [230. 224. 229.] [228. 224. 229.] [225. 224. 228.] [221. 222. 226.] 
[210. 207. 216.] [208. 208. 214.] [206. 211. 214.] [205. 213. 213.] [202. 214. 214.] [204. 214. 214.] [209. 213. 214.] [211. 213. 214.] [211. 214. 218.] [202. 209. 212.] [213. 220. 223.] [216. 219. 223.] [227. 220. 225.] [234. 223. 226.] [232. 226. 227.] [232. 224. 225.] [244. 227. 230.] [241. 224. 227.] [239. 231. 231.] [229. 225. 224.] [223. 219. 218.] [220. 221. 219.] [215. 220. 218.] [220. 226. 225.] [224. 225. 229.] [230. 226. 232.] [231. 224. 227.] [224. 214. 214.] [205. 192. 184.] [232. 221. 213.] [227. 223. 222.] [223. 222. 224.] [225. 224. 226.] [223. 222. 224.] [227. 222. 224.] [227. 222. 224.] [229. 224. 226.] [227. 224. 226.] [222. 224. 225.] [219. 223. 224.] 
[209. 207. 213.] [208. 208. 214.] [205. 210. 213.] [202. 211. 214.] [203. 212. 215.] [205. 213. 213.] [211. 212. 216.] [211. 212. 216.] [214. 219. 222.] [207. 212. 215.] [223. 226. 230.] [224. 219. 221.] [214. 196. 203.] [195. 175. 180.] [185. 171. 175.] [177. 166. 168.] [163. 149. 150.] [120. 107. 105.] [174. 167. 164.] [189. 186. 182.] [229. 228. 224.] [223. 227. 222.] [220. 225. 223.] [221. 226. 225.] [222. 223. 227.] [228. 224. 229.] [236. 228. 229.] [221. 208. 206.] [201. 185. 179.] [238. 226. 222.] [228. 221. 224.] [221. 220. 224.] [223. 222. 224.] [224. 221. 223.] [226. 221. 223.] [227. 220. 223.] [227. 222. 224.] [225. 222. 224.] [221. 223. 224.] [219. 223. 224.] 
[207. 208. 212.] [207. 208. 212.] [206. 209. 213.] [206. 211. 214.] [207. 210. 214.] [210. 211. 215.] [212. 210. 216.] [212. 211. 215.] [213. 212. 216.] [205. 200. 202.] [142. 127. 131.] [136. 113. 117.] [163. 129. 136.] [168. 135. 142.] [198. 181. 185.] [200. 192. 193.] [198. 191. 188.] [218. 214. 209.] [205. 201. 200.] [211. 212. 210.] [223. 227. 222.] [217. 222. 220.] [215. 220. 219.] [219. 223. 224.] [221. 222. 226.] [226. 223. 225.] [238. 229. 226.] [213. 199. 193.] [198. 182. 176.] [241. 228. 226.] [229. 222. 227.] [223. 219. 225.] [221. 220. 224.] [223. 220. 222.] [226. 221. 223.] [226. 219. 222.] [225. 220. 222.] [223. 220. 222.] [219. 221. 222.] [218. 222. 223.] 
[208. 208. 208.] [207. 209. 210.] [205. 208. 212.] [206. 209. 213.] [208. 208. 214.] [209. 208. 217.] [209. 208. 217.] [210. 210. 216.] [215. 216. 220.] [216. 211. 213.] [231. 217. 219.] [243. 221. 223.] [250. 219. 222.] [246. 219. 222.] [231. 217. 219.] [225. 220. 219.] [225. 222. 217.] [219. 219. 213.] [219. 219. 219.] [217. 219. 220.] [219. 222. 220.] [217. 220. 218.] [218. 217. 219.] [224. 223. 227.] [219. 220. 224.] [223. 221. 221.] [236. 226. 219.] [196. 180. 173.] [197. 183. 177.] [236. 224. 222.] [230. 220. 226.] [223. 219. 225.] [220. 219. 221.] [220. 219. 221.] [225. 220. 222.] [225. 220. 222.] [224. 219. 221.] [222. 219. 221.] [218. 220. 221.] [216. 220. 221.] 
[209. 207. 206.] [208. 208. 208.] [207. 209. 210.] [205. 208. 213.] [205. 207. 215.] [205. 207. 217.] [205. 207. 217.] [204. 210. 217.] [201. 208. 211.] [212. 218. 217.] [213. 216. 214.] [218. 215. 211.] [221. 214. 211.] [217. 210. 207.] [220. 216. 215.] [213. 212. 208.] [219. 219. 213.] [216. 215. 211.] [216. 215. 219.] [216. 214. 220.] [216. 215. 217.] [224. 222. 222.] [223. 217. 222.] [223. 217. 222.] [218. 219. 223.] [221. 219. 218.] [236. 224. 214.] [177. 161. 149.] [207. 196. 188.] [231. 222. 219.] [226. 219. 222.] [222. 218. 223.] [218. 220. 221.] [218. 220. 220.] [221. 219. 219.] [223. 218. 219.] [224. 219. 220.] [222. 220. 220.] [218. 218. 218.] [215. 217. 217.] 
[206. 206. 206.] [207. 207. 207.] [206. 207. 211.] [205. 208. 213.] [204. 207. 215.] [204. 206. 216.] [203. 209. 216.] [203. 209. 214.] [206. 215. 218.] [201. 211. 211.] [206. 214. 213.] [208. 215. 212.] [210. 215. 213.] [207. 211. 206.] [209. 212. 210.] [211. 212. 208.] [214. 215. 211.] [211. 212. 210.] [214. 215. 219.] [217. 215. 221.] [220. 217. 219.] [219. 213. 214.] [227. 216. 219.] [228. 215. 217.] [224. 219. 218.] [232. 222. 215.] [247. 222. 212.] [171. 149. 138.] [220. 210. 203.] [226. 223. 219.] [225. 220. 222.] [222. 219. 221.] [219. 221. 222.] [217. 219. 219.] [218. 218. 218.] [221. 219. 219.] [222. 219. 221.] [222. 220. 220.] [218. 217. 219.] [215. 215. 215.] 
[204. 204. 210.] [205. 205. 211.] [204. 207. 212.] [204. 207. 212.] [203. 206. 211.] [204. 207. 212.] [204. 208. 213.] [205. 210. 213.] [205. 210. 213.] [206. 211. 214.] [206. 211. 214.] [207. 211. 212.] [208. 212. 213.] [208. 212. 213.] [207. 212. 211.] [207. 212. 211.] [207. 212. 211.] [207. 212. 211.] [214. 216. 217.] [213. 212. 214.] [215. 215. 215.] [222. 217. 216.] [239. 221. 220.] [245. 223. 218.] [247. 229. 218.] [255. 229. 217.] [245. 199. 192.] [189. 151. 147.] [232. 224. 224.] [215. 220. 219.] [219. 216. 218.] [224. 219. 221.] [219. 218. 220.] [216. 218. 219.] [219. 218. 220.] [220. 219. 221.] [218. 217. 221.] [219. 218. 220.] [218. 219. 223.] [216. 218. 219.] 
[201. 202. 212.] [202. 204. 212.] [203. 205. 213.] [203. 206. 211.] [202. 205. 209.] [202. 205. 209.] [203. 206. 210.] [205. 208. 212.] [205. 208. 212.] [206. 209. 213.] [206. 209. 214.] [206. 209. 214.] [207. 210. 214.] [207. 210. 214.] [207. 211. 212.] [207. 211. 212.] [206. 212. 211.] [206. 212. 211.] [209. 211. 211.] [206. 208. 208.] [217. 217. 217.] [225. 220. 219.] [201. 182. 177.] [139. 112. 102.] [173. 144. 130.] [178. 141. 127.] [112.  60.  54.] [201. 160. 158.] [232. 224. 225.] [214. 219. 220.] [215. 214. 216.] [224. 219. 220.] [220. 217. 219.] [217. 216. 218.] [216. 217. 221.] [217. 218. 222.] [215. 216. 220.] [216. 217. 221.] [217. 218. 222.] [215. 216. 220.] 
[200. 201. 211.] [201. 203. 211.] [202. 204. 212.] [201. 204. 209.] [200. 203. 207.] [200. 203. 207.] [202. 205. 209.] [203. 206. 210.] [204. 207. 211.] [204. 207. 211.] [205. 208. 213.] [205. 208. 213.] [206. 209. 213.] [206. 209. 213.] [206. 210. 211.] [206. 210. 211.] [204. 210. 209.] [202. 208. 207.] [209. 214. 213.] [214. 216. 216.] [210. 210. 210.] [218. 213. 212.] [226. 212. 206.] [192. 167. 157.] [140. 102.  90.] [223. 179. 166.] [222. 178. 171.] [250. 219. 216.] [222. 211. 213.] [218. 220. 221.] [210. 209. 211.] [218. 216. 216.] [217. 216. 218.] [216. 215. 217.] [215. 216. 220.] [216. 217. 221.] [214. 215. 219.] [215. 216. 220.] [216. 217. 221.] [214. 215. 219.] 
0 0 0 -6.0 -99.0
0 1 0 3.0 -44.0
0 2 0 7.0 -40.0
0 3 0 6.0 -41.0
0 4 0 5.0 -43.0
0 5 0 -12.0 -60.0
0 6 0 -10.0 -58.0
0 7 0 -4.0 -52.0
0 8 0 3.0 -46.0
0 9 0 -2.0 -52.0
0 10 0 -19.0 -70.0
0 11 0 -3.0 -54.0
0 12 0 20.0 -33.0
0 13 0 23.0 -31.0
0 14 0 -13.0 -68.0
0 15 0 -7.0 -62.0
0 16 0 16.0 -38.0
0 17 0 33.0 -20.0
0 18 0 4.0 -49.0
0 19 0 4.0 -50.0
0 20 0 7.0 -47.0
0 21 0 4.0 -50.0
0 22 0 0.0 -54.0
0 23 0 12.0 -41.0
0 24 0 5.0 -47.0
0 25 0 9.0 -42.0
0 26 0 10.0 -39.0
0 27 0 2.0 -46.0
0 28 0 5.0 -40.0
0 29 0 13.0 -31.0
0 30 0 -14.0 -58.0
0 31 0 39.0 -5.0
0 32 0 -71.0 -115.0
0 33 0 -138.0 -182.0
0 34 0 -119.0 -163.0
0 35 0 -244.0 -287.0
0 36 0 -134.0 -177.0
0 37 0 -6.0 -49.0
0 38 0 18.0 -24.0
0 39 0 22.0 -59.0
1 0 0 5.0 -41.0
1 1 0 -7.0 -7.0
1 2 0 5.0 5.0
1 3 0 -27.0 -27.0
1 4 0 5.0 5.0
1 5 0 -2.0 -2.0
1 6 0 9.0 9.0
1 7 0 5.0 5.0
1 8 0 -5.0 -5.0
1 9 0 10.0 10.0
1 10 0 -15.0 -15.0
1 11 0 -17.0 -17.0
1 12 0 -4.0 -4.0
1 13 0 1.0 1.0
1 14 0 0.0 0.0
1 15 0 8.0 8.0
1 16 0 -3.0 -3.0
1 17 0 0.0 0.0
1 18 0 14.0 14.0
1 19 0 -36.0 -36.0
1 20 0 22.0 22.0
1 21 0 -4.0 -4.0
1 22 0 10.0 10.0
1 23 0 -10.0 -10.0
1 24 0 -5.0 -5.0
1 25 0 -7.0 -7.0
1 26 0 -2.0 -2.0
1 27 0 0.0 0.0
1 28 0 9.0 9.0
1 29 0 -15.0 -15.0
1 30 0 34.0 34.0
1 31 0 -50.0 -50.0
1 32 0 -51.0 -51.0
1 33 0 151.0 151.0
1 34 0 163.0 163.0
1 35 0 189.0 189.0
1 36 0 93.0 93.0
1 37 0 -57.0 -57.0
1 38 0 -17.0 -17.0
1 39 0 25.0 -16.0
2 0 0 2.0 -44.0
2 1 0 10.0 10.0
2 2 0 10.0 10.0
2 3 0 13.0 13.0
2 4 0 20.0 20.0
2 5 0 8.0 8.0
2 6 0 19.0 19.0
2 7 0 29.0 29.0
2 8 0 26.0 26.0
2 9 0 20.0 20.0
2 10 0 38.0 38.0
2 11 0 32.0 32.0
2 12 0 8.0 8.0
2 13 0 17.0 17.0
2 14 0 33.0 33.0
2 15 0 -1.0 -1.0
2 16 0 35.0 35.0
2 17 0 10.0 10.0
2 18 0 9.0 9.0
2 19 0 43.0 43.0
2 20 0 0.0 0.0
2 21 0 21.0 21.0
2 22 0 -9.0 -9.0
2 23 0 -14.0 -14.0
2 24 0 7.0 7.0
2 25 0 -5.0 -5.0
2 26 0 5.0 5.0
2 27 0 -3.0 -3.0
2 28 0 8.0 8.0
2 29 0 -10.0 -10.0
2 30 0 7.0 7.0
2 31 0 -85.0 -85.0
2 32 0 195.0 195.0
2 33 0 -37.0 -37.0
2 34 0 -212.0 -212.0
2 35 0 93.0 93.0
2 36 0 -105.0 -105.0
2 37 0 161.0 161.0
2 38 0 -94.0 -94.0
2 39 0 23.0 -18.0
3 0 0 3.0 -43.0
3 1 0 5.0 5.0
3 2 0 8.0 8.0
3 3 0 20.0 20.0
3 4 0 -42.0 -42.0
3 5 0 -55.0 -55.0
3 6 0 -46.0 -46.0
3 7 0 -76.0 -76.0
3 8 0 -89.0 -89.0
3 9 0 -116.0 -116.0
3 10 0 -124.0 -124.0
3 11 0 -134.0 -134.0
3 12 0 -149.0 -149.0
3 13 0 -129.0 -129.0
3 14 0 -99.0 -99.0
3 15 0 -111.0 -111.0
3 16 0 -120.0 -120.0
3 17 0 -128.0 -128.0
3 18 0 -131.0 -131.0
3 19 0 -93.0 -93.0
3 20 0 7.0 7.0
3 21 0 -79.0 -79.0
3 22 0 -4.0 -4.0
3 23 0 12.0 12.0
3 24 0 1.0 1.0
3 25 0 -7.0 -7.0
3 26 0 4.0 4.0
3 27 0 -7.0 -7.0
3 28 0 6.0 6.0
3 29 0 27.0 27.0
3 30 0 -45.0 -45.0
3 31 0 56.0 56.0
3 32 0 -44.0 -44.0
3 33 0 46.0 46.0
3 34 0 -24.0 -24.0
3 35 0 -36.0 -36.0
3 36 0 42.0 42.0
3 37 0 -46.0 -46.0
3 38 0 28.0 28.0
3 39 0 -20.0 -61.0
4 0 0 3.0 -43.0
4 1 0 13.0 13.0
4 2 0 -11.0 -11.0
4 3 0 -79.0 -79.0
4 4 0 -67.0 -67.0
4 5 0 26.0 26.0
4 6 0 28.0 28.0
4 7 0 18.0 18.0
4 8 0 135.0 135.0
4 9 0 158.0 158.0
4 10 0 221.0 221.0
4 11 0 246.0 246.0
4 12 0 209.0 209.0
4 13 0 188.0 188.0
4 14 0 182.0 182.0
4 15 0 191.0 191.0
4 16 0 163.0 163.0
4 17 0 176.0 176.0
4 18 0 176.0 176.0
4 19 0 44.0 44.0
4 20 0 -135.0 -135.0
4 21 0 181.0 181.0
4 22 0 -49.0 -49.0
4 23 0 -9.0 -9.0
4 24 0 7.0 7.0
4 25 0 3.0 3.0
4 26 0 -11.0 -11.0
4 27 0 -8.0 -8.0
4 28 0 -1.0 -1.0
4 29 0 23.0 23.0
4 30 0 -58.0 -58.0
4 31 0 53.0 53.0
4 32 0 -6.0 -6.0
4 33 0 -54.0 -54.0
4 34 0 31.0 31.0
4 35 0 -99.0 -99.0
4 36 0 122.0 122.0
4 37 0 -90.0 -90.0
4 38 0 49.0 49.0
4 39 0 -42.0 -83.0
5 0 0 19.0 -27.0
5 1 0 -64.0 -64.0
5 2 0 -141.0 -141.0
5 3 0 166.0 166.0
5 4 0 263.0 263.0
5 5 0 21.0 21.0
5 6 0 159.0 159.0
5 7 0 55.0 55.0
5 8 0 -75.0 -75.0
5 9 0 -87.0 -87.0
5 10 0 -129.0 -129.0
5 11 0 -111.0 -111.0
5 12 0 -83.0 -83.0
5 13 0 -58.0 -58.0
5 14 0 -53.0 -53.0
5 15 0 -54.0 -54.0
5 16 0 -171.0 -171.0
5 17 0 43.0 43.0
5 18 0 -21.0 -21.0
5 19 0 113.0 113.0
5 20 0 72.0 72.0
5 21 0 61.0 61.0
5 22 0 -126.0 -126.0
5 23 0 59.0 59.0
5 24 0 17.0 17.0
5 25 0 11.0 11.0
5 26 0 -5.0 -5.0
5 27 0 -7.0 -7.0
5 28 0 11.0 11.0
5 29 0 -30.0 -30.0
5 30 0 19.0 19.0
5 31 0 -59.0 -59.0
5 32 0 76.0 76.0
5 33 0 -9.0 -9.0
5 34 0 -48.0 -48.0
5 35 0 -36.0 -36.0
5 36 0 79.0 79.0
5 37 0 -62.0 -62.0
5 38 0 52.0 52.0
5 39 0 -38.0 -80.0
6 0 0 -120.0 -166.0
6 1 0 133.0 133.0
6 2 0 112.0 112.0
6 3 0 -202.0 -202.0
6 4 0 -143.0 -143.0
6 5 0 -60.0 -60.0
6 6 0 -95.0 -95.0
6 7 0 -83.0 -83.0
6 8 0 -39.0 -39.0
6 9 0 -33.0 -33.0
6 10 0 -15.0 -15.0
6 11 0 -11.0 -11.0
6 12 0 -31.0 -31.0
6 13 0 -42.0 -42.0
6 14 0 -32.0 -32.0
6 15 0 -32.0 -32.0
6 16 0 -151.0 -151.0
6 17 0 207.0 207.0
6 18 0 -183.0 -183.0
6 19 0 -142.0 -142.0
6 20 0 19.0 19.0
6 21 0 84.0 84.0
6 22 0 -85.0 -85.0
6 23 0 -11.0 -11.0
6 24 0 5.0 5.0
6 25 0 1.0 1.0
6 26 0 -11.0 -11.0
6 27 0 1.0 1.0
6 28 0 11.0 11.0
6 29 0 -37.0 -37.0
6 30 0 68.0 68.0
6 31 0 -34.0 -34.0
6 32 0 45.0 45.0
6 33 0 2.0 2.0
6 34 0 -195.0 -195.0
6 35 0 311.0 311.0
6 36 0 -192.0 -192.0
6 37 0 131.0 131.0
6 38 0 -81.0 -81.0
6 39 0 27.0 -15.0
7 0 0 -55.0 -100.0
7 1 0 -63.0 -63.0
7 2 0 162.0 162.0
7 3 0 127.0 127.0
7 4 0 -155.0 -155.0
7 5 0 23.0 23.0
7 6 0 29.0 29.0
7 7 0 22.0 22.0
7 8 0 17.0 17.0
7 9 0 31.0 31.0
7 10 0 30.0 30.0
7 11 0 13.0 13.0
7 12 0 15.0 15.0
7 13 0 12.0 12.0
7 14 0 27.0 27.0
7 15 0 4.0 4.0
7 16 0 -31.0 -31.0
7 17 0 128.0 128.0
7 18 0 -140.0 -140.0
7 19 0 72.0 72.0
7 20 0 134.0 134.0
7 21 0 -160.0 -160.0
7 22 0 5.0 5.0
7 23 0 -4.0 -4.0
7 24 0 -1.0 -1.0
7 25 0 8.0 8.0
7 26 0 1.0 1.0
7 27 0 12.0 12.0
7 28 0 0.0 0.0
7 29 0 -47.0 -47.0
7 30 0 56.0 56.0
7 31 0 34.0 34.0
7 32 0 -13.0 -13.0
7 33 0 -154.0 -154.0
7 34 0 146.0 146.0
7 35 0 12.0 12.0
7 36 0 -95.0 -95.0
7 37 0 91.0 91.0
7 38 0 -35.0 -35.0
7 39 0 11.0 -31.0
8 0 0 33.0 -13.0
8 1 0 -14.0 -14.0
8 2 0 -155.0 -155.0
8 3 0 71.0 71.0
8 4 0 338.0 338.0
8 5 0 -254.0 -254.0
8 6 0 16.0 16.0
8 7 0 21.0 21.0
8 8 0 24.0 24.0
8 9 0 9.0 9.0
8 10 0 -18.0 -18.0
8 11 0 6.0 6.0
8 12 0 -6.0 -6.0
8 13 0 -9.0 -9.0
8 14 0 33.0 33.0
8 15 0 -22.0 -22.0
8 16 0 -9.0 -9.0
8 17 0 71.0 71.0
8 18 0 -174.0 -174.0
8 19 0 185.0 185.0
8 20 0 -29.0 -29.0
8 21 0 -21.0 -21.0
8 22 0 -9.0 -9.0
8 23 0 17.0 17.0
8 24 0 -9.0 -9.0
8 25 0 -1.0 -1.0
8 26 0 3.0 3.0
8 27 0 2.0 2.0
8 28 0 -11.0 -11.0
8 29 0 0.0 0.0
8 30 0 -4.0 -4.0
8 31 0 0.0 0.0
8 32 0 -217.0 -217.0
8 33 0 273.0 273.0
8 34 0 -76.0 -76.0
8 35 0 -97.0 -97.0
8 36 0 157.0 157.0
8 37 0 -103.0 -103.0
8 38 0 21.0 21.0
8 39 0 0.0 -40.0
9 0 0 5.0 -41.0
9 1 0 30.0 30.0
9 2 0 -51.0 -51.0
9 3 0 -46.0 -46.0
9 4 0 20.0 20.0
9 5 0 157.0 157.0
9 6 0 -155.0 -155.0
9 7 0 29.0 29.0
9 8 0 3.0 3.0
9 9 0 29.0 29.0
9 10 0 -1.0 -1.0
9 11 0 -18.0 -18.0
9 12 0 2.0 2.0
9 13 0 5.0 5.0
9 14 0 10.0 10.0
9 15 0 -27.0 -27.0
9 16 0 19.0 19.0
9 17 0 40.0 40.0
9 18 0 -110.0 -110.0
9 19 0 163.0 163.0
9 20 0 -83.0 -83.0
9 21 0 6.0 6.0
9 22 0 6.0 6.0
9 23 0 9.0 9.0
9 24 0 8.0 8.0
9 25 0 -21.0 -21.0
9 26 0 -1.0 -1.0
9 27 0 7.0 7.0
9 28 0 -29.0 -29.0
9 29 0 35.0 35.0
9 30 0 -113.0 -113.0
9 31 0 58.0 58.0
9 32 0 272.0 272.0
9 33 0 -285.0 -285.0
9 34 0 164.0 164.0
9 35 0 50.0 50.0
9 36 0 -93.0 -93.0
9 37 0 13.0 13.0
9 38 0 -17.0 -17.0
9 39 0 32.0 -8.0
10 0 0 10.0 -37.0
10 1 0 -6.0 -6.0
10 2 0 34.0 34.0
10 3 0 -94.0 -94.0
10 4 0 -25.0 -25.0
10 5 0 152.0 152.0
10 6 0 -1.0 -1.0
10 7 0 -86.0 -86.0
10 8 0 34.0 34.0
10 9 0 -32.0 -32.0
10 10 0 3.0 3.0
10 11 0 -1.0 -1.0
10 12 0 -14.0 -14.0
10 13 0 3.0 3.0
10 14 0 -4.0 -4.0
10 15 0 -16.0 -16.0
10 16 0 47.0 47.0
10 17 0 -72.0 -72.0
10 18 0 30.0 30.0
10 19 0 40.0 40.0
10 20 0 -39.0 -39.0
10 21 0 14.0 14.0
10 22 0 5.0 5.0
10 23 0 6.0 6.0
10 24 0 -9.0 -9.0
10 25 0 23.0 23.0
10 26 0 4.0 4.0
10 27 0 -18.0 -18.0
10 28 0 -47.0 -47.0
10 29 0 32.0 32.0
10 30 0 127.0 127.0
10 31 0 30.0 30.0
10 32 0 -267.0 -267.0
10 33 0 236.0 236.0
10 34 0 -26.0 -26.0
10 35 0 -61.0 -61.0
10 36 0 -5.0 -5.0
10 37 0 9.0 9.0
10 38 0 0.0 0.0
10 39 0 -3.0 -43.0
11 0 0 -10.0 -57.0
11 1 0 1.0 1.0
11 2 0 6.0 6.0
11 3 0 14.0 14.0
11 4 0 -82.0 -82.0
11 5 0 -20.0 -20.0
11 6 0 57.0 57.0
11 7 0 -28.0 -28.0
11 8 0 -77.0 -77.0
11 9 0 37.0 37.0
11 10 0 -9.0 -9.0
11 11 0 -13.0 -13.0
11 12 0 16.0 16.0
11 13 0 0.0 0.0
11 14 0 22.0 22.0
11 15 0 -57.0 -57.0
11 16 0 109.0 109.0
11 17 0 -113.0 -113.0
11 18 0 137.0 137.0
11 19 0 -99.0 -99.0
11 20 0 18.0 18.0
11 21 0 3.0 3.0
11 22 0 -9.0 -9.0
11 23 0 -5.0 -5.0
11 24 0 8.0 8.0
11 25 0 28.0 28.0
11 26 0 -18.0 -18.0
11 27 0 -6.0 -6.0
11 28 0 -23.0 -23.0
11 29 0 -23.0 -23.0
11 30 0 -39.0 -39.0
11 31 0 -177.0 -177.0
11 32 0 273.0 273.0
11 33 0 -151.0 -151.0
11 34 0 -27.0 -27.0
11 35 0 29.0 29.0
11 36 0 3.0 3.0
11 37 0 -24.0 -24.0
11 38 0 23.0 23.0
11 39 0 -5.0 -46.0
12 0 0 -24.0 -70.0
12 1 0 9.0 9.0
12 2 0 10.0 10.0
12 3 0 -3.0 -3.0
12 4 0 -26.0 -26.0
12 5 0 80.0 80.0
12 6 0 -92.0 -92.0
12 7 0 178.0 178.0
12 8 0 -40.0 -40.0
12 9 0 -52.0 -52.0
12 10 0 19.0 19.0
12 11 0 40.0 40.0
12 12 0 -21.0 -21.0
12 13 0 16.0 16.0
12 14 0 22.0 22.0
12 15 0 -76.0 -76.0
12 16 0 70.0 70.0
12 17 0 -68.0 -68.0
12 18 0 64.0 64.0
12 19 0 -34.0 -34.0
12 20 0 -24.0 -24.0
12 21 0 2.0 2.0
12 22 0 -4.0 -4.0
12 23 0 -17.0 -17.0
12 24 0 14.0 14.0
12 25 0 -19.0 -19.0
12 26 0 -3.0 -3.0
12 27 0 45.0 45.0
12 28 0 -53.0 -53.0
12 29 0 67.0 67.0
12 30 0 -10.0 -10.0
12 31 0 289.0 289.0
12 32 0 -175.0 -175.0
12 33 0 -11.0 -11.0
12 34 0 -5.0 -5.0
12 35 0 -13.0 -13.0
12 36 0 -2.0 -2.0
12 37 0 33.0 33.0
12 38 0 -36.0 -36.0
12 39 0 35.0 -6.0
13 0 0 22.0 -25.0
13 1 0 -1.0 -1.0
13 2 0 -5.0 -5.0
13 3 0 27.0 27.0
13 4 0 -5.0 -5.0
13 5 0 -98.0 -98.0
13 6 0 79.0 79.0
13 7 0 -112.0 -112.0
13 8 0 168.0 168.0
13 9 0 -90.0 -90.0
13 10 0 -21.0 -21.0
13 11 0 32.0 32.0
13 12 0 -10.0 -10.0
13 13 0 15.0 15.0
13 14 0 3.0 3.0
13 15 0 -60.0 -60.0
13 16 0 40.0 40.0
13 17 0 26.0 26.0
13 18 0 -43.0 -43.0
13 19 0 15.0 15.0
13 20 0 -12.0 -12.0
13 21 0 12.0 12.0
13 22 0 -6.0 -6.0
13 23 0 -13.0 -13.0
13 24 0 -6.0 -6.0
13 25 0 3.0 3.0
13 26 0 14.0 14.0
13 27 0 -6.0 -6.0
13 28 0 -45.0 -45.0
13 29 0 0.0 0.0
13 30 0 85.0 85.0
13 31 0 -153.0 -153.0
13 32 0 3.0 3.0
13 33 0 3.0 3.0
13 34 0 7.0 7.0
13 35 0 20.0 20.0
13 36 0 -3.0 -3.0
13 37 0 -16.0 -16.0
13 38 0 31.0 31.0
13 39 0 -21.0 -62.0
14 0 0 -26.0 -73.0
14 1 0 -12.0 -12.0
14 2 0 22.0 22.0
14 3 0 -13.0 -13.0
14 4 0 33.0 33.0
14 5 0 -17.0 -17.0
14 6 0 9.0 9.0
14 7 0 -40.0 -40.0
14 8 0 28.0 28.0
14 9 0 101.0 101.0
14 10 0 -68.0 -68.0
14 11 0 -50.0 -50.0
14 12 0 47.0 47.0
14 13 0 -7.0 -7.0
14 14 0 16.0 16.0
14 15 0 -77.0 -77.0
14 16 0 94.0 94.0
14 17 0 51.0 51.0
14 18 0 -48.0 -48.0
14 19 0 -24.0 -24.0
14 20 0 23.0 23.0
14 21 0 0.0 0.0
14 22 0 -8.0 -8.0
14 23 0 9.0 9.0
14 24 0 3.0 3.0
14 25 0 25.0 25.0
14 26 0 44.0 44.0
14 27 0 22.0 22.0
14 28 0 -141.0 -141.0
14 29 0 176.0 176.0
14 30 0 -77.0 -77.0
14 31 0 6.0 6.0
14 32 0 31.0 31.0
14 33 0 21.0 21.0
14 34 0 32.0 32.0
14 35 0 -27.0 -27.0
14 36 0 3.0 3.0
14 37 0 6.0 6.0
14 38 0 -4.0 -4.0
14 39 0 -10.0 -51.0
15 0 0 8.0 -40.0
15 1 0 -12.0 -12.0
15 2 0 -7.0 -7.0
15 3 0 9.0 9.0
15 4 0 -6.0 -6.0
15 5 0 38.0 38.0
15 6 0 -98.0 -98.0
15 7 0 120.0 120.0
15 8 0 -125.0 -125.0
15 9 0 52.0 52.0
15 10 0 67.0 67.0
15 11 0 -71.0 -71.0
15 12 0 -14.0 -14.0
15 13 0 32.0 32.0
15 14 0 -10.0 -10.0
15 15 0 -45.0 -45.0
15 16 0 57.0 57.0
15 17 0 -46.0 -46.0
15 18 0 23.0 23.0
15 19 0 14.0 14.0
15 20 0 11.0 11.0
15 21 0 7.0 7.0
15 22 0 8.0 8.0
15 23 0 -5.0 -5.0
15 24 0 33.0 33.0
15 25 0 -80.0 -80.0
15 26 0 -54.0 -54.0
15 27 0 -174.0 -174.0
15 28 0 247.0 247.0
15 29 0 -160.0 -160.0
15 30 0 -65.0 -65.0
15 31 0 -93.0 -93.0
15 32 0 -66.0 -66.0
15 33 0 -83.0 -83.0
15 34 0 -68.0 -68.0
15 35 0 12.0 12.0
15 36 0 1.0 1.0
15 37 0 6.0 6.0
15 38 0 -14.0 -14.0
15 39 0 11.0 -31.0
16 0 0 -7.0 -52.0
16 1 0 7.0 7.0
16 2 0 1.0 1.0
16 3 0 11.0 11.0
16 4 0 -3.0 -3.0
16 5 0 -6.0 -6.0
16 6 0 24.0 24.0
16 7 0 -76.0 -76.0
16 8 0 66.0 66.0
16 9 0 -59.0 -59.0
16 10 0 47.0 47.0
16 11 0 53.0 53.0
16 12 0 -85.0 -85.0
16 13 0 29.0 29.0
16 14 0 -1.0 -1.0
16 15 0 -41.0 -41.0
16 16 0 52.0 52.0
16 17 0 -71.0 -71.0
16 18 0 7.0 7.0
16 19 0 -8.0 -8.0
16 20 0 -15.0 -15.0
16 21 0 9.0 9.0
16 22 0 -8.0 -8.0
16 23 0 -2.0 -2.0
16 24 0 -81.0 -81.0
16 25 0 156.0 156.0
16 26 0 -115.0 -115.0
16 27 0 125.0 125.0
16 28 0 -67.0 -67.0
16 29 0 -32.0 -32.0
16 30 0 58.0 58.0
16 31 0 113.0 113.0
16 32 0 75.0 75.0
16 33 0 153.0 153.0
16 34 0 100.0 100.0
16 35 0 -57.0 -57.0
16 36 0 3.0 3.0
16 37 0 -4.0 -4.0
16 38 0 9.0 9.0
16 39 0 -1.0 -44.0
17 0 0 11.0 -34.0
17 1 0 1.0 1.0
17 2 0 9.0 9.0
17 3 0 -5.0 -5.0
17 4 0 -11.0 -11.0
17 5 0 -6.0 -6.0
17 6 0 3.0 3.0
17 7 0 -16.0 -16.0
17 8 0 35.0 35.0
17 9 0 -50.0 -50.0
17 10 0 22.0 22.0
17 11 0 9.0 9.0
17 12 0 50.0 50.0
17 13 0 -28.0 -28.0
17 14 0 -99.0 -99.0
17 15 0 80.0 80.0
17 16 0 71.0 71.0
17 17 0 -21.0 -21.0
17 18 0 -8.0 -8.0
17 19 0 7.0 7.0
17 20 0 11.0 11.0
17 21 0 -9.0 -9.0
17 22 0 -6.0 -6.0
17 23 0 9.0 9.0
17 24 0 -56.0 -56.0
17 25 0 -57.0 -57.0
17 26 0 303.0 303.0
17 27 0 132.0 132.0
17 28 0 118.0 118.0
17 29 0 -52.0 -52.0
17 30 0 74.0 74.0
17 31 0 1.0 1.0
17 32 0 36.0 36.0
17 33 0 -179.0 -179.0
17 34 0 27.0 27.0
17 35 0 -42.0 -42.0
17 36 0 -4.0 -4.0
17 37 0 31.0 31.0
17 38 0 -12.0 -12.0
17 39 0 13.0 -31.0
18 0 0 10.0 -34.0
18 1 0 0.0 0.0
18 2 0 4.0 4.0
18 3 0 7.0 7.0
18 4 0 -9.0 -9.0
18 5 0 -9.0 -9.0
18 6 0 7.0 7.0
18 7 0 14.0 14.0
18 8 0 -95.0 -95.0
18 9 0 144.0 144.0
18 10 0 -109.0 -109.0
18 11 0 59.0 59.0
18 12 0 24.0 24.0
18 13 0 -76.0 -76.0
18 14 0 -151.0 -151.0
18 15 0 228.0 228.0
18 16 0 -75.0 -75.0
18 17 0 -22.0 -22.0
18 18 0 -24.0 -24.0
18 19 0 1.0 1.0
18 20 0 6.0 6.0
18 21 0 2.0 2.0
18 22 0 13.0 13.0
18 23 0 13.0 13.0
18 24 0 25.0 25.0
18 25 0 -52.0 -52.0
18 26 0 -125.0 -125.0
18 27 0 -119.0 -119.0
18 28 0 -118.0 -118.0
18 29 0 102.0 102.0
18 30 0 -94.0 -94.0
18 31 0 -22.0 -22.0
18 32 0 11.0 11.0
18 33 0 218.0 218.0
18 34 0 -1.0 -1.0
18 35 0 -20.0 -20.0
18 36 0 -7.0 -7.0
18 37 0 -7.0 -7.0
18 38 0 3.0 3.0
18 39 0 1.0 -44.0
19 0 0 -8.0 -52.0
19 1 0 2.0 2.0
19 2 0 5.0 5.0
19 3 0 8.0 8.0
19 4 0 -2.0 -2.0
19 5 0 -2.0 -2.0
19 6 0 8.0 8.0
19 7 0 5.0 5.0
19 8 0 21.0 21.0
19 9 0 -128.0 -128.0
19 10 0 195.0 195.0
19 11 0 -174.0 -174.0
19 12 0 194.0 194.0
19 13 0 -136.0 -136.0
19 14 0 16.0 16.0
19 15 0 49.0 49.0
19 16 0 -50.0 -50.0
19 17 0 17.0 17.0
19 18 0 10.0 10.0
19 19 0 4.0 4.0
19 20 0 13.0 13.0
19 21 0 8.0 8.0
19 22 0 9.0 9.0
19 23 0 -4.0 -4.0
19 24 0 5.0 5.0
19 25 0 16.0 16.0
19 26 0 12.0 12.0
19 27 0 -31.0 -31.0
19 28 0 -27.0 -27.0
19 29 0 53.0 53.0
19 30 0 -80.0 -80.0
19 31 0 2.0 2.0
19 32 0 -84.0 -84.0
19 33 0 -82.0 -82.0
19 34 0 -38.0 -38.0
19 35 0 -4.0 -4.0
19 36 0 17.0 17.0
19 37 0 -8.0 -8.0
19 38 0 -3.0 -3.0
19 39 0 4.0 -42.0
20 0 0 -6.0 -47.0
20 1 0 -3.0 -3.0
20 2 0 -4.0 -4.0
20 3 0 -1.0 -1.0
20 4 0 -4.0 -4.0
20 5 0 -6.0 -6.0
20 6 0 8.0 8.0
20 7 0 10.0 10.0
20 8 0 15.0 15.0
20 9 0 7.0 7.0
20 10 0 -146.0 -146.0
20 11 0 284.0 284.0
20 12 0 -301.0 -301.0
20 13 0 246.0 246.0
20 14 0 50.0 50.0
20 15 0 -7.0 -7.0
20 16 0 -6.0 -6.0
20 17 0 -20.0 -20.0
20 18 0 -26.0 -26.0
20 19 0 -21.0 -21.0
20 20 0 2.0 2.0
20 21 0 11.0 11.0
20 22 0 -9.0 -9.0
20 23 0 10.0 10.0
20 24 0 -5.0 -5.0
20 25 0 -8.0 -8.0
20 26 0 7.0 7.0
20 27 0 13.0 13.0
20 28 0 -73.0 -73.0
20 29 0 151.0 151.0
20 30 0 -41.0 -41.0
20 31 0 9.0 9.0
20 32 0 23.0 23.0
20 33 0 -10.0 -10.0
20 34 0 11.0 11.0
20 35 0 -8.0 -8.0
20 36 0 14.0 14.0
20 37 0 11.0 11.0
20 38 0 1.0 1.0
20 39 0 -16.0 -64.0
21 0 0 -5.0 -46.0
21 1 0 -5.0 -5.0
21 2 0 -7.0 -7.0
21 3 0 -13.0 -13.0
21 4 0 -2.0 -2.0
21 5 0 -4.0 -4.0
21 6 0 6.0 6.0
21 7 0 7.0 7.0
21 8 0 16.0 16.0
21 9 0 24.0 24.0
21 10 0 -26.0 -26.0
21 11 0 -156.0 -156.0
21 12 0 282.0 282.0
21 13 0 -334.0 -334.0
21 14 0 149.0 149.0
21 15 0 -185.0 -185.0
21 16 0 52.0 52.0
21 17 0 16.0 16.0
21 18 0 11.0 11.0
21 19 0 -14.0 -14.0
21 20 0 3.0 3.0
21 21 0 8.0 8.0
21 22 0 -20.0 -20.0
21 23 0 3.0 3.0
21 24 0 -19.0 -19.0
21 25 0 12.0 12.0
21 26 0 7.0 7.0
21 27 0 0.0 0.0
21 28 0 -46.0 -46.0
21 29 0 94.0 94.0
21 30 0 -62.0 -62.0
21 31 0 19.0 19.0
21 32 0 6.0 6.0
21 33 0 -1.0 -1.0
21 34 0 -2.0 -2.0
21 35 0 32.0 32.0
21 36 0 -18.0 -18.0
21 37 0 -4.0 -4.0
21 38 0 -15.0 -15.0
21 39 0 19.0 -30.0
22 0 0 3.0 -40.0
22 1 0 4.0 4.0
22 2 0 3.0 3.0
22 3 0 3.0 3.0
22 4 0 4.0 4.0
22 5 0 6.0 6.0
22 6 0 -5.0 -5.0
22 7 0 -5.0 -5.0
22 8 0 -16.0 -16.0
22 9 0 2.0 2.0
22 10 0 7.0 7.0
22 11 0 -22.0 -22.0
22 12 0 -107.0 -107.0
22 13 0 240.0 240.0
22 14 0 0.0 0.0
22 15 0 72.0 72.0
22 16 0 -98.0 -98.0
22 17 0 19.0 19.0
22 18 0 19.0 19.0
22 19 0 -10.0 -10.0
22 20 0 -10.0 -10.0
22 21 0 -1.0 -1.0
22 22 0 8.0 8.0
22 23 0 -9.0 -9.0
22 24 0 18.0 18.0
22 25 0 -30.0 -30.0
22 26 0 12.0 12.0
22 27 0 -15.0 -15.0
22 28 0 22.0 22.0
22 29 0 -14.0 -14.0
22 30 0 -16.0 -16.0
22 31 0 -17.0 -17.0
22 32 0 4.0 4.0
22 33 0 8.0 8.0
22 34 0 13.0 13.0
22 35 0 -29.0 -29.0
22 36 0 27.0 27.0
22 37 0 -25.0 -25.0
22 38 0 28.0 28.0
22 39 0 -12.0 -61.0
23 0 0 4.0 -40.0
23 1 0 6.0 6.0
23 2 0 1.0 1.0
23 3 0 -3.0 -3.0
23 4 0 15.0 15.0
23 5 0 3.0 3.0
23 6 0 -2.0 -2.0
23 7 0 -13.0 -13.0
23 8 0 11.0 11.0
23 9 0 -23.0 -23.0
23 10 0 31.0 31.0
23 11 0 17.0 17.0
23 12 0 -182.0 -182.0
23 13 0 135.0 135.0
23 14 0 138.0 138.0
23 15 0 -32.0 -32.0
23 16 0 -49.0 -49.0
23 17 0 29.0 29.0
23 18 0 -8.0 -8.0
23 19 0 5.0 5.0
23 20 0 19.0 19.0
23 21 0 -27.0 -27.0
23 22 0 17.0 17.0
23 23 0 -8.0 -8.0
23 24 0 -6.0 -6.0
23 25 0 -5.0 -5.0
23 26 0 13.0 13.0
23 27 0 -34.0 -34.0
23 28 0 10.0 10.0
23 29 0 48.0 48.0
23 30 0 -52.0 -52.0
23 31 0 14.0 14.0
23 32 0 3.0 3.0
23 33 0 20.0 20.0
23 34 0 -10.0 -10.0
23 35 0 13.0 13.0
23 36 0 -11.0 -11.0
23 37 0 9.0 9.0
23 38 0 -22.0 -22.0
23 39 0 -3.0 -52.0
24 0 0 0.0 -45.0
24 1 0 2.0 2.0
24 2 0 -4.0 -4.0
24 3 0 -4.0 -4.0
24 4 0 4.0 4.0
24 5 0 7.0 7.0
24 6 0 0.0 0.0
24 7 0 2.0 2.0
24 8 0 -26.0 -26.0
24 9 0 -2.0 -2.0
24 10 0 17.0 17.0
24 11 0 12.0 12.0
24 12 0 -11.0 -11.0
24 13 0 -86.0 -86.0
24 14 0 104.0 104.0
24 15 0 -129.0 -129.0
24 16 0 23.0 23.0
24 17 0 -7.0 -7.0
24 18 0 14.0 14.0
24 19 0 12.0 12.0
24 20 0 -22.0 -22.0
24 21 0 14.0 14.0
24 22 0 3.0 3.0
24 23 0 7.0 7.0
24 24 0 9.0 9.0
24 25 0 8.0 8.0
24 26 0 13.0 13.0
24 27 0 -45.0 -45.0
24 28 0 47.0 47.0
24 29 0 -9.0 -9.0
24 30 0 -6.0 -6.0
24 31 0 -1.0 -1.0
24 32 0 4.0 4.0
24 33 0 0.0 0.0
24 34 0 3.0 3.0
24 35 0 -2.0 -2.0
24 36 0 1.0 1.0
24 37 0 0.0 0.0
24 38 0 5.0 5.0
24 39 0 3.0 -45.0
25 0 0 0.0 -46.0
25 1 0 -1.0 -1.0
25 2 0 -7.0 -7.0
25 3 0 -3.0 -3.0
25 4 0 0.0 0.0
25 5 0 7.0 7.0
25 6 0 -5.0 -5.0
25 7 0 -5.0 -5.0
25 8 0 11.0 11.0
25 9 0 -39.0 -39.0
25 10 0 -4.0 -4.0
25 11 0 12.0 12.0
25 12 0 23.0 23.0
25 13 0 -8.0 -8.0
25 14 0 -28.0 -28.0
25 15 0 34.0 34.0
25 16 0 12.0 12.0
25 17 0 -15.0 -15.0
25 18 0 28.0 28.0
25 19 0 8.0 8.0
25 20 0 -6.0 -6.0
25 21 0 -25.0 -25.0
25 22 0 -2.0 -2.0
25 23 0 10.0 10.0
25 24 0 -2.0 -2.0
25 25 0 5.0 5.0
25 26 0 0.0 0.0
25 27 0 -24.0 -24.0
25 28 0 39.0 39.0
25 29 0 -5.0 -5.0
25 30 0 -4.0 -4.0
25 31 0 3.0 3.0
25 32 0 1.0 1.0
25 33 0 3.0 3.0
25 34 0 3.0 3.0
25 35 0 -1.0 -1.0
25 36 0 -8.0 -8.0
25 37 0 -2.0 -2.0
25 38 0 -2.0 -2.0
25 39 0 11.0 -36.0
26 0 0 -6.0 -52.0
26 1 0 1.0 1.0
26 2 0 4.0 4.0
26 3 0 -2.0 -2.0
26 4 0 9.0 9.0
26 5 0 5.0 5.0
26 6 0 2.0 2.0
26 7 0 3.0 3.0
26 8 0 0.0 0.0
26 9 0 48.0 48.0
26 10 0 7.0 7.0
26 11 0 15.0 15.0
26 12 0 -25.0 -25.0
26 13 0 -56.0 -56.0
26 14 0 -54.0 -54.0
26 15 0 -51.0 -51.0
26 16 0 -110.0 -110.0
26 17 0 -127.0 -127.0
26 18 0 -90.0 -90.0
26 19 0 -42.0 -42.0
26 20 0 14.0 14.0
26 21 0 11.0 11.0
26 22 0 22.0 22.0
26 23 0 -1.0 -1.0
26 24 0 -1.0 -1.0
26 25 0 -12.0 -12.0
26 26 0 -6.0 -6.0
26 27 0 -9.0 -9.0
26 28 0 44.0 44.0
26 29 0 -35.0 -35.0
26 30 0 2.0 2.0
26 31 0 5.0 5.0
26 32 0 -8.0 -8.0
26 33 0 6.0 6.0
26 34 0 -8.0 -8.0
26 35 0 2.0 2.0
26 36 0 -5.0 -5.0
26 37 0 -4.0 -4.0
26 38 0 4.0 4.0
26 39 0 8.0 -38.0
27 0 0 -3.0 -50.0
27 1 0 -3.0 -3.0
27 2 0 2.0 2.0
27 3 0 11.0 11.0
27 4 0 4.0 4.0
27 5 0 8.0 8.0
27 6 0 -7.0 -7.0
27 7 0 4.0 4.0
27 8 0 -14.0 -14.0
27 9 0 16.0 16.0
27 10 0 -106.0 -106.0
27 11 0 -107.0 -107.0
27 12 0 -47.0 -47.0
27 13 0 21.0 21.0
27 14 0 62.0 62.0
27 15 0 72.0 72.0
27 16 0 87.0 87.0
27 17 0 316.0 316.0
27 18 0 57.0 57.0
27 19 0 87.0 87.0
27 20 0 -58.0 -58.0
27 21 0 -6.0 -6.0
27 22 0 -6.0 -6.0
27 23 0 -3.0 -3.0
27 24 0 6.0 6.0
27 25 0 2.0 2.0
27 26 0 -26.0 -26.0
27 27 0 -10.0 -10.0
27 28 0 58.0 58.0
27 29 0 -50.0 -50.0
27 30 0 3.0 3.0
27 31 0 13.0 13.0
27 32 0 -1.0 -1.0
27 33 0 -1.0 -1.0
27 34 0 0.0 0.0
27 35 0 -2.0 -2.0
27 36 0 -2.0 -2.0
27 37 0 -2.0 -2.0
27 38 0 1.0 1.0
27 39 0 3.0 -43.0
28 0 0 3.0 -44.0
28 1 0 0.0 0.0
28 2 0 -1.0 -1.0
28 3 0 -3.0 -3.0
28 4 0 -1.0 -1.0
28 5 0 -7.0 -7.0
28 6 0 -6.0 -6.0
28 7 0 -2.0 -2.0
28 8 0 -6.0 -6.0
28 9 0 -42.0 -42.0
28 10 0 227.0 227.0
28 11 0 228.0 228.0
28 12 0 116.0 116.0
28 13 0 130.0 130.0
28 14 0 -8.0 -8.0
28 15 0 -2.0 -2.0
28 16 0 14.0 14.0
28 17 0 -130.0 -130.0
28 18 0 2.0 2.0
28 19 0 -10.0 -10.0
28 20 0 -16.0 -16.0
28 21 0 10.0 10.0
28 22 0 14.0 14.0
28 23 0 5.0 5.0
28 24 0 2.0 2.0
28 25 0 6.0 6.0
28 26 0 -41.0 -41.0
28 27 0 1.0 1.0
28 28 0 60.0 60.0
28 29 0 -63.0 -63.0
28 30 0 6.0 6.0
28 31 0 2.0 2.0
28 32 0 5.0 5.0
28 33 0 -1.0 -1.0
28 34 0 -4.0 -4.0
28 35 0 -1.0 -1.0
28 36 0 0.0 0.0
28 37 0 -1.0 -1.0
28 38 0 4.0 4.0
28 39 0 1.0 -45.0
29 0 0 -2.0 -50.0
29 1 0 0.0 0.0
29 2 0 6.0 6.0
29 3 0 0.0 0.0
29 4 0 -5.0 -5.0
29 5 0 -4.0 -4.0
29 6 0 0.0 0.0
29 7 0 0.0 0.0
29 8 0 -20.0 -20.0
29 9 0 -1.0 -1.0
29 10 0 -110.0 -110.0
29 11 0 -137.0 -137.0
29 12 0 -127.0 -127.0
29 13 0 -118.0 -118.0
29 14 0 -35.0 -35.0
29 15 0 -31.0 -31.0
29 16 0 -39.0 -39.0
29 17 0 2.0 2.0
29 18 0 -19.0 -19.0
29 19 0 -3.0 -3.0
29 20 0 -3.0 -3.0
29 21 0 10.0 10.0
29 22 0 7.0 7.0
29 23 0 -17.0 -17.0
29 24 0 10.0 10.0
29 25 0 10.0 10.0
29 26 0 -51.0 -51.0
29 27 0 39.0 39.0
29 28 0 49.0 49.0
29 29 0 -45.0 -45.0
29 30 0 -6.0 -6.0
29 31 0 3.0 3.0
29 32 0 2.0 2.0
29 33 0 6.0 6.0
29 34 0 -8.0 -8.0
29 35 0 -2.0 -2.0
29 36 0 0.0 0.0
29 37 0 -1.0 -1.0
29 38 0 3.0 3.0
29 39 0 5.0 -40.0
30 0 0 -6.0 -55.0
30 1 0 -2.0 -2.0
30 2 0 -4.0 -4.0
30 3 0 3.0 3.0
30 4 0 2.0 2.0
30 5 0 3.0 3.0
30 6 0 1.0 1.0
30 7 0 3.0 3.0
30 8 0 33.0 33.0
30 9 0 -17.0 -17.0
30 10 0 15.0 15.0
30 11 0 13.0 13.0
30 12 0 11.0 11.0
30 13 0 26.0 26.0
30 14 0 -10.0 -10.0
30 15 0 23.0 23.0
30 16 0 -8.0 -8.0
30 17 0 1.0 1.0
30 18 0 1.0 1.0
30 19 0 2.0 2.0
30 20 0 15.0 15.0
30 21 0 -21.0 -21.0
30 22 0 0.0 0.0
30 23 0 1.0 1.0
30 24 0 15.0 15.0
30 25 0 25.0 25.0
30 26 0 -63.0 -63.0
30 27 0 102.0 102.0
30 28 0 -3.0 -3.0
30 29 0 -29.0 -29.0
30 30 0 4.0 4.0
30 31 0 1.0 1.0
30 32 0 7.0 7.0
30 33 0 4.0 4.0
30 34 0 0.0 0.0
30 35 0 -1.0 -1.0
30 36 0 -5.0 -5.0
30 37 0 -2.0 -2.0
30 38 0 1.0 1.0
30 39 0 7.0 -39.0
31 0 0 3.0 -47.0
31 1 0 -3.0 -3.0
31 2 0 -1.0 -1.0
31 3 0 -1.0 -1.0
31 4 0 1.0 1.0
31 5 0 0.0 0.0
31 6 0 4.0 4.0
31 7 0 6.0 6.0
31 8 0 -14.0 -14.0
31 9 0 26.0 26.0
31 10 0 4.0 4.0
31 11 0 9.0 9.0
31 12 0 4.0 4.0
31 13 0 16.0 16.0
31 14 0 9.0 9.0
31 15 0 -1.0 -1.0
31 16 0 -8.0 -8.0
31 17 0 7.0 7.0
31 18 0 2.0 2.0
31 19 0 -5.0 -5.0
31 20 0 -13.0 -13.0
31 21 0 17.0 17.0
31 22 0 1.0 1.0
31 23 0 7.0 7.0
31 24 0 29.0 29.0
31 25 0 19.0 19.0
31 26 0 -104.0 -104.0
31 27 0 149.0 149.0
31 28 0 -44.0 -44.0
31 29 0 -13.0 -13.0
31 30 0 -7.0 -7.0
31 31 0 2.0 2.0
31 32 0 0.0 0.0
31 33 0 3.0 3.0
31 34 0 6.0 6.0
31 35 0 -1.0 -1.0
31 36 0 -3.0 -3.0
31 37 0 -7.0 -7.0
31 38 0 1.0 1.0
31 39 0 7.0 -41.0
32 0 0 1.0 -50.0
32 1 0 -3.0 -3.0
32 2 0 2.0 2.0
32 3 0 -1.0 -1.0
32 4 0 2.0 2.0
32 5 0 -3.0 -3.0
32 6 0 -1.0 -1.0
32 7 0 -3.0 -3.0
32 8 0 2.0 2.0
32 9 0 -6.0 -6.0
32 10 0 1.0 1.0
32 11 0 0.0 0.0
32 12 0 0.0 0.0
32 13 0 -3.0 -3.0
32 14 0 3.0 3.0
32 15 0 4.0 4.0
32 16 0 6.0 6.0
32 17 0 10.0 10.0
32 18 0 -13.0 -13.0
32 19 0 0.0 0.0
32 20 0 12.0 12.0
32 21 0 10.0 10.0
32 22 0 -61.0 -61.0
32 23 0 -127.0 -127.0
32 24 0 -91.0 -91.0
32 25 0 -118.0 -118.0
32 26 0 -177.0 -177.0
32 27 0 93.0 93.0
32 28 0 -72.0 -72.0
32 29 0 31.0 31.0
32 30 0 3.0 3.0
32 31 0 -12.0 -12.0
32 32 0 3.0 3.0
32 33 0 8.0 8.0
32 34 0 -6.0 -6.0
32 35 0 -5.0 -5.0
32 36 0 4.0 4.0
32 37 0 -2.0 -2.0
32 38 0 -2.0 -2.0
32 39 0 2.0 -50.0
33 0 0 4.0 -48.0
33 1 0 2.0 2.0
33 2 0 -1.0 -1.0
33 3 0 -2.0 -2.0
33 4 0 0.0 0.0
33 5 0 1.0 1.0
33 6 0 1.0 1.0
33 7 0 -4.0 -4.0
33 8 0 0.0 0.0
33 9 0 -3.0 -3.0
33 10 0 -1.0 -1.0
33 11 0 1.0 1.0
33 12 0 -1.0 -1.0
33 13 0 0.0 0.0
33 14 0 -1.0 -1.0
33 15 0 -2.0 -2.0
33 16 0 0.0 0.0
33 17 0 0.0 0.0
33 18 0 -1.0 -1.0
33 19 0 29.0 29.0
33 20 0 -12.0 -12.0
33 21 0 -42.0 -42.0
33 22 0 25.0 25.0
33 23 0 255.0 255.0
33 24 0 12.0 12.0
33 25 0 51.0 51.0
33 26 0 398.0 398.0
33 27 0 -21.0 -21.0
33 28 0 -59.0 -59.0
33 29 0 24.0 24.0
33 30 0 7.0 7.0
33 31 0 -19.0 -19.0
33 32 0 -3.0 -3.0
33 33 0 0.0 0.0
33 34 0 4.0 4.0
33 35 0 -1.0 -1.0
33 36 0 5.0 5.0
33 37 0 2.0 2.0
33 38 0 -3.0 -3.0
33 39 0 4.0 -50.0
34 0 0 4.0 -103.0
34 1 0 2.0 -53.0
34 2 0 0.0 -55.0
34 3 0 4.0 -52.0
34 4 0 5.0 -51.0
34 5 0 6.0 -52.0
34 6 0 1.0 -58.0
34 7 0 4.0 -55.0
34 8 0 1.0 -58.0
34 9 0 5.0 -53.0
34 10 0 1.0 -57.0
34 11 0 3.0 -55.0
34 12 0 1.0 -57.0
34 13 0 2.0 -56.0
34 14 0 2.0 -56.0
34 15 0 0.0 -57.0
34 16 0 4.0 -53.0
34 17 0 17.0 -39.0
34 18 0 -2.0 -58.0
34 19 0 -25.0 -81.0
34 20 0 26.0 -29.0
34 21 0 14.0 -41.0
34 22 0 -92.0 -147.0
34 23 0 -124.0 -180.0
34 24 0 201.0 143.0
34 25 0 -174.0 -234.0
34 26 0 -191.0 -252.0
34 27 0 -154.0 -216.0
34 28 0 44.0 -21.0
34 29 0 -12.0 -79.0
34 30 0 26.0 -41.0
34 31 0 3.0 -63.0
34 32 0 6.0 -57.0
34 33 0 2.0 -60.0
34 34 0 4.0 -58.0
34 35 0 -1.0 -62.0
34 36 0 5.0 -55.0
34 37 0 2.0 -58.0
34 38 0 -1.0 -60.0
34 39 0 6.0 -109.0
----------------------------------
-99.0
-44.0
-40.0
-41.0
-43.0
-60.0
-58.0
-52.0
-46.0
-52.0
-70.0
-54.0
-33.0
-31.0
-68.0
-62.0
-38.0
-20.0
-49.0
-50.0
-47.0
-50.0
-54.0
-41.0
-47.0
-42.0
-39.0
-46.0
-40.0
-31.0
-58.0
-5.0
-115.0
-182.0
-163.0
-287.0
-177.0
-49.0
-24.0
-59.0
-41.0
-7.0
5.0
-27.0
5.0
-2.0
9.0
5.0
-5.0
10.0
-15.0
-17.0
-4.0
1.0
0.0
8.0
-3.0
0.0
14.0
-36.0
22.0
-4.0
10.0
-10.0
-5.0
-7.0
-2.0
0.0
9.0
-15.0
34.0
-50.0
-51.0
151.0
163.0
189.0
93.0
-57.0
-17.0
-16.0
-44.0
10.0
10.0
13.0
20.0
8.0
19.0
29.0
26.0
20.0
38.0
32.0
8.0
17.0
33.0
-1.0
35.0
10.0
9.0
43.0
0.0
21.0
-9.0
-14.0
7.0
-5.0
5.0
-3.0
8.0
-10.0
7.0
-85.0
195.0
-37.0
-212.0
93.0
-105.0
161.0
-94.0
-18.0
-43.0
5.0
8.0
20.0
-42.0
-55.0
-46.0
-76.0
-89.0
-116.0
-124.0
-134.0
-149.0
-129.0
-99.0
-111.0
-120.0
-128.0
-131.0
-93.0
7.0
-79.0
-4.0
12.0
1.0
-7.0
4.0
-7.0
6.0
27.0
-45.0
56.0
-44.0
46.0
-24.0
-36.0
42.0
-46.0
28.0
-61.0
-43.0
13.0
-11.0
-79.0
-67.0
26.0
28.0
18.0
135.0
158.0
221.0
246.0
209.0
188.0
182.0
191.0
163.0
176.0
176.0
44.0
-135.0
181.0
-49.0
-9.0
7.0
3.0
-11.0
-8.0
-1.0
23.0
-58.0
53.0
-6.0
-54.0
31.0
-99.0
122.0
-90.0
49.0
-83.0
-27.0
-64.0
-141.0
166.0
263.0
21.0
159.0
55.0
-75.0
-87.0
-129.0
-111.0
-83.0
-58.0
-53.0
-54.0
-171.0
43.0
-21.0
113.0
72.0
61.0
-126.0
59.0
17.0
11.0
-5.0
-7.0
11.0
-30.0
19.0
-59.0
76.0
-9.0
-48.0
-36.0
79.0
-62.0
52.0
-80.0
-166.0
133.0
112.0
-202.0
-143.0
-60.0
-95.0
-83.0
-39.0
-33.0
-15.0
-11.0
-31.0
-42.0
-32.0
-32.0
-151.0
207.0
-183.0
-142.0
19.0
84.0
-85.0
-11.0
5.0
1.0
-11.0
1.0
11.0
-37.0
68.0
-34.0
45.0
2.0
-195.0
311.0
-192.0
131.0
-81.0
-15.0
-100.0
-63.0
162.0
127.0
-155.0
23.0
29.0
22.0
17.0
31.0
30.0
13.0
15.0
12.0
27.0
4.0
-31.0
128.0
-140.0
72.0
134.0
-160.0
5.0
-4.0
-1.0
8.0
1.0
12.0
0.0
-47.0
56.0
34.0
-13.0
-154.0
146.0
12.0
-95.0
91.0
-35.0
-31.0
-13.0
-14.0
-155.0
71.0
338.0
-254.0
16.0
21.0
24.0
9.0
-18.0
6.0
-6.0
-9.0
33.0
-22.0
-9.0
71.0
-174.0
185.0
-29.0
-21.0
-9.0
17.0
-9.0
-1.0
3.0
2.0
-11.0
0.0
-4.0
0.0
-217.0
273.0
-76.0
-97.0
157.0
-103.0
21.0
-40.0
-41.0
30.0
-51.0
-46.0
20.0
157.0
-155.0
29.0
3.0
29.0
-1.0
-18.0
2.0
5.0
10.0
-27.0
19.0
40.0
-110.0
163.0
-83.0
6.0
6.0
9.0
8.0
-21.0
-1.0
7.0
-29.0
35.0
-113.0
58.0
272.0
-285.0
164.0
50.0
-93.0
13.0
-17.0
-8.0
-37.0
-6.0
34.0
-94.0
-25.0
152.0
-1.0
-86.0
34.0
-32.0
3.0
-1.0
-14.0
3.0
-4.0
-16.0
47.0
-72.0
30.0
40.0
-39.0
14.0
5.0
6.0
-9.0
23.0
4.0
-18.0
-47.0
32.0
127.0
30.0
-267.0
236.0
-26.0
-61.0
-5.0
9.0
0.0
-43.0
-57.0
1.0
6.0
14.0
-82.0
-20.0
57.0
-28.0
-77.0
37.0
-9.0
-13.0
16.0
0.0
22.0
-57.0
109.0
-113.0
137.0
-99.0
18.0
3.0
-9.0
-5.0
8.0
28.0
-18.0
-6.0
-23.0
-23.0
-39.0
-177.0
273.0
-151.0
-27.0
29.0
3.0
-24.0
23.0
-46.0
-70.0
9.0
10.0
-3.0
-26.0
80.0
-92.0
178.0
-40.0
-52.0
19.0
40.0
-21.0
16.0
22.0
-76.0
70.0
-68.0
64.0
-34.0
-24.0
2.0
-4.0
-17.0
14.0
-19.0
-3.0
45.0
-53.0
67.0
-10.0
289.0
-175.0
-11.0
-5.0
-13.0
-2.0
33.0
-36.0
-6.0
-25.0
-1.0
-5.0
27.0
-5.0
-98.0
79.0
-112.0
168.0
-90.0
-21.0
32.0
-10.0
15.0
3.0
-60.0
40.0
26.0
-43.0
15.0
-12.0
12.0
-6.0
-13.0
-6.0
3.0
14.0
-6.0
-45.0
0.0
85.0
-153.0
3.0
3.0
7.0
20.0
-3.0
-16.0
31.0
-62.0
-73.0
-12.0
22.0
-13.0
33.0
-17.0
9.0
-40.0
28.0
101.0
-68.0
-50.0
47.0
-7.0
16.0
-77.0
94.0
51.0
-48.0
-24.0
23.0
0.0
-8.0
9.0
3.0
25.0
44.0
22.0
-141.0
176.0
-77.0
6.0
31.0
21.0
32.0
-27.0
3.0
6.0
-4.0
-51.0
-40.0
-12.0
-7.0
9.0
-6.0
38.0
-98.0
120.0
-125.0
52.0
67.0
-71.0
-14.0
32.0
-10.0
-45.0
57.0
-46.0
23.0
14.0
11.0
7.0
8.0
-5.0
33.0
-80.0
-54.0
-174.0
247.0
-160.0
-65.0
-93.0
-66.0
-83.0
-68.0
12.0
1.0
6.0
-14.0
-31.0
-52.0
7.0
1.0
11.0
-3.0
-6.0
24.0
-76.0
66.0
-59.0
47.0
53.0
-85.0
29.0
-1.0
-41.0
52.0
-71.0
7.0
-8.0
-15.0
9.0
-8.0
-2.0
-81.0
156.0
-115.0
125.0
-67.0
-32.0
58.0
113.0
75.0
153.0
100.0
-57.0
3.0
-4.0
9.0
-44.0
-34.0
1.0
9.0
-5.0
-11.0
-6.0
3.0
-16.0
35.0
-50.0
22.0
9.0
50.0
-28.0
-99.0
80.0
71.0
-21.0
-8.0
7.0
11.0
-9.0
-6.0
9.0
-56.0
-57.0
303.0
132.0
118.0
-52.0
74.0
1.0
36.0
-179.0
27.0
-42.0
-4.0
31.0
-12.0
-31.0
-34.0
0.0
4.0
7.0
-9.0
-9.0
7.0
14.0
-95.0
144.0
-109.0
59.0
24.0
-76.0
-151.0
228.0
-75.0
-22.0
-24.0
1.0
6.0
2.0
13.0
13.0
25.0
-52.0
-125.0
-119.0
-118.0
102.0
-94.0
-22.0
11.0
218.0
-1.0
-20.0
-7.0
-7.0
3.0
-44.0
-52.0
2.0
5.0
8.0
-2.0
-2.0
8.0
5.0
21.0
-128.0
195.0
-174.0
194.0
-136.0
16.0
49.0
-50.0
17.0
10.0
4.0
13.0
8.0
9.0
-4.0
5.0
16.0
12.0
-31.0
-27.0
53.0
-80.0
2.0
-84.0
-82.0
-38.0
-4.0
17.0
-8.0
-3.0
-42.0
-47.0
-3.0
-4.0
-1.0
-4.0
-6.0
8.0
10.0
15.0
7.0
-146.0
284.0
-301.0
246.0
50.0
-7.0
-6.0
-20.0
-26.0
-21.0
2.0
11.0
-9.0
10.0
-5.0
-8.0
7.0
13.0
-73.0
151.0
-41.0
9.0
23.0
-10.0
11.0
-8.0
14.0
11.0
1.0
-64.0
-46.0
-5.0
-7.0
-13.0
-2.0
-4.0
6.0
7.0
16.0
24.0
-26.0
-156.0
282.0
-334.0
149.0
-185.0
52.0
16.0
11.0
-14.0
3.0
8.0
-20.0
3.0
-19.0
12.0
7.0
0.0
-46.0
94.0
-62.0
19.0
6.0
-1.0
-2.0
32.0
-18.0
-4.0
-15.0
-30.0
-40.0
4.0
3.0
3.0
4.0
6.0
-5.0
-5.0
-16.0
2.0
7.0
-22.0
-107.0
240.0
0.0
72.0
-98.0
19.0
19.0
-10.0
-10.0
-1.0
8.0
-9.0
18.0
-30.0
12.0
-15.0
22.0
-14.0
-16.0
-17.0
4.0
8.0
13.0
-29.0
27.0
-25.0
28.0
-61.0
-40.0
6.0
1.0
-3.0
15.0
3.0
-2.0
-13.0
11.0
-23.0
31.0
17.0
-182.0
135.0
138.0
-32.0
-49.0
29.0
-8.0
5.0
19.0
-27.0
17.0
-8.0
-6.0
-5.0
13.0
-34.0
10.0
48.0
-52.0
14.0
3.0
20.0
-10.0
13.0
-11.0
9.0
-22.0
-52.0
-45.0
2.0
-4.0
-4.0
4.0
7.0
0.0
2.0
-26.0
-2.0
17.0
12.0
-11.0
-86.0
104.0
-129.0
23.0
-7.0
14.0
12.0
-22.0
14.0
3.0
7.0
9.0
8.0
13.0
-45.0
47.0
-9.0
-6.0
-1.0
4.0
0.0
3.0
-2.0
1.0
0.0
5.0
-45.0
-46.0
-1.0
-7.0
-3.0
0.0
7.0
-5.0
-5.0
11.0
-39.0
-4.0
12.0
23.0
-8.0
-28.0
34.0
12.0
-15.0
28.0
8.0
-6.0
-25.0
-2.0
10.0
-2.0
5.0
0.0
-24.0
39.0
-5.0
-4.0
3.0
1.0
3.0
3.0
-1.0
-8.0
-2.0
-2.0
-36.0
-52.0
1.0
4.0
-2.0
9.0
5.0
2.0
3.0
0.0
48.0
7.0
15.0
-25.0
-56.0
-54.0
-51.0
-110.0
-127.0
-90.0
-42.0
14.0
11.0
22.0
-1.0
-1.0
-12.0
-6.0
-9.0
44.0
-35.0
2.0
5.0
-8.0
6.0
-8.0
2.0
-5.0
-4.0
4.0
-38.0
-50.0
-3.0
2.0
11.0
4.0
8.0
-7.0
4.0
-14.0
16.0
-106.0
-107.0
-47.0
21.0
62.0
72.0
87.0
316.0
57.0
87.0
-58.0
-6.0
-6.0
-3.0
6.0
2.0
-26.0
-10.0
58.0
-50.0
3.0
13.0
-1.0
-1.0
0.0
-2.0
-2.0
-2.0
1.0
-43.0
-44.0
0.0
-1.0
-3.0
-1.0
-7.0
-6.0
-2.0
-6.0
-42.0
227.0
228.0
116.0
130.0
-8.0
-2.0
14.0
-130.0
2.0
-10.0
-16.0
10.0
14.0
5.0
2.0
6.0
-41.0
1.0
60.0
-63.0
6.0
2.0
5.0
-1.0
-4.0
-1.0
0.0
-1.0
4.0
-45.0
-50.0
0.0
6.0
0.0
-5.0
-4.0
0.0
0.0
-20.0
-1.0
-110.0
-137.0
-127.0
-118.0
-35.0
-31.0
-39.0
2.0
-19.0
-3.0
-3.0
10.0
7.0
-17.0
10.0
10.0
-51.0
39.0
49.0
-45.0
-6.0
3.0
2.0
6.0
-8.0
-2.0
0.0
-1.0
3.0
-40.0
-55.0
-2.0
-4.0
3.0
2.0
3.0
1.0
3.0
33.0
-17.0
15.0
13.0
11.0
26.0
-10.0
23.0
-8.0
1.0
1.0
2.0
15.0
-21.0
0.0
1.0
15.0
25.0
-63.0
102.0
-3.0
-29.0
4.0
1.0
7.0
4.0
0.0
-1.0
-5.0
-2.0
1.0
-39.0
-47.0
-3.0
-1.0
-1.0
1.0
0.0
4.0
6.0
-14.0
26.0
4.0
9.0
4.0
16.0
9.0
-1.0
-8.0
7.0
2.0
-5.0
-13.0
17.0
1.0
7.0
29.0
19.0
-104.0
149.0
-44.0
-13.0
-7.0
2.0
0.0
3.0
6.0
-1.0
-3.0
-7.0
1.0
-41.0
-50.0
-3.0
2.0
-1.0
2.0
-3.0
-1.0
-3.0
2.0
-6.0
1.0
0.0
0.0
-3.0
3.0
4.0
6.0
10.0
-13.0
0.0
12.0
10.0
-61.0
-127.0
-91.0
-118.0
-177.0
93.0
-72.0
31.0
3.0
-12.0
3.0
8.0
-6.0
-5.0
4.0
-2.0
-2.0
-50.0
-48.0
2.0
-1.0
-2.0
0.0
1.0
1.0
-4.0
0.0
-3.0
-1.0
1.0
-1.0
0.0
-1.0
-2.0
0.0
0.0
-1.0
29.0
-12.0
-42.0
25.0
255.0
12.0
51.0
398.0
-21.0
-59.0
24.0
7.0
-19.0
-3.0
0.0
4.0
-1.0
5.0
2.0
-3.0
-50.0
-103.0
-53.0
-55.0
-52.0
-51.0
-52.0
-58.0
-55.0
-58.0
-53.0
-57.0
-55.0
-57.0
-56.0
-56.0
-57.0
-53.0
-39.0
-58.0
-81.0
-29.0
-41.0
-147.0
-180.0
143.0
-234.0
-252.0
-216.0
-21.0
-79.0
-41.0
-63.0
-57.0
-60.0
-58.0
-62.0
-55.0
-58.0
-60.0
-109.0
----------------------------------
[[[ 44.  83. 145.]
  [ 44.  83. 145.]
  [ 47.  84. 146.]
  ...
  [117. 155. 219.]
  [118. 157. 219.]
  [118. 157. 219.]]

 [[ 44.  83. 145.]
  [ 45.  84. 146.]
  [ 47.  84. 146.]
  ...
  [116. 154. 218.]
  [116. 154. 218.]
  [116. 155. 217.]]

 [[ 47.  84. 146.]
  [ 47.  84. 146.]
  [ 48.  85. 147.]
  ...
  [111. 151. 216.]
  [112. 152. 217.]
  [112. 153. 216.]]

 ...

 [[ 43.  78. 146.]
  [ 43.  78. 146.]
  [ 43.  78. 146.]
  ...
  [ 98. 152. 229.]
  [102. 154. 231.]
  [102. 154. 230.]]

 [[ 43.  78. 144.]
  [ 43.  78. 144.]
  [ 43.  78. 144.]
  ...
  [106. 156. 232.]
  [109. 158. 232.]
  [111. 158. 232.]]

 [[ 43.  78. 144.]
  [ 43.  78. 144.]
  [ 43.  78. 144.]
  ...
  [109. 158. 232.]
  [116. 161. 235.]
  [116. 161. 234.]]]
----------------------------------
[[[ 44  83 145]
  [ 44  83 145]
  [ 47  84 146]
  ...
  [117 155 219]
  [118 157 219]
  [118 157 219]]

 [[ 44  83 145]
  [ 45  84 146]
  [ 47  84 146]
  ...
  [116 154 218]
  [116 154 218]
  [116 155 217]]

 [[ 47  84 146]
  [ 47  84 146]
  [ 48  85 147]
  ...
  [111 151 216]
  [112 152 217]
  [112 153 216]]

 ...

 [[ 43  78 146]
  [ 43  78 146]
  [ 43  78 146]
  ...
  [ 98 152 229]
  [102 154 231]
  [102 154 230]]

 [[ 43  78 144]
  [ 43  78 144]
  [ 43  78 144]
  ...
  [106 156 232]
  [109 158 232]
  [111 158 232]]

 [[ 43  78 144]
  [ 43  78 144]
  [ 43  78 144]
  ...
  [109 158 232]
  [116 161 235]
  [116 161 234]]]
